"D:/Documents/Project Repos/Portfolio/Content/Maps/Island_Map_BuiltData.uasset" 0
"../../../Engine/Content/Functions/Engine_MaterialFunctions01/SpeedTree/SpeedTreeColorVariation.uasset" 1
"../../../Engine/Content/Functions/Engine_MaterialFunctions01/WorldPositionOffset/SimpleGrassWind.uasset" 2
"D:/Documents/Project Repos/Portfolio/Content/Environment/Foliage/Grass/Textures/T_Grass_M.uasset" 3
"D:/Documents/Project Repos/Portfolio/Content/Environment/Foliage/Grass/Materials/M_Grass_Green_LOD_0.uasset" 4
"D:/Documents/Project Repos/Portfolio/Content/Environment/Foliage/Grass/Static_Meshes/SM_Grass_Big.uasset" 5
"D:/Documents/Project Repos/Portfolio/Content/Environment/Parent_Materials_Textures/Materials/Translucent/M_Translucent.uasset" 6
"D:/Documents/Project Repos/Portfolio/Content/Environment/Parent_Materials_Textures/Materials/Diffuse/M_Diffuse.uasset" 7
"D:/Documents/Project Repos/Portfolio/Content/Environment/Props/Small_Props/Materials/MI_Stick.uasset" 8
"D:/Documents/Project Repos/Portfolio/Content/Environment/Props/Small_Props/SM_Stick_01.uasset" 9
"D:/Documents/Project Repos/Portfolio/Content/Environment/Props/Small_Props/SM_Stick_02.uasset" 10
"D:/Documents/Project Repos/Portfolio/Content/Environment/Water/T_Rock_Basalt_D.uasset" 11
"../../../Engine/Content/EngineMeshes/Humanoid.uasset" 12
"D:/Documents/Project Repos/Portfolio/Content/Mixamo/Characters/Paladin/SKEL_Paladin.uasset" 13
"D:/Documents/Project Repos/Portfolio/Content/Mixamo/Animation_Sequences/A_Jog.uasset" 14
"D:/Documents/Project Repos/Portfolio/Content/Mixamo/Animation_Sequences/A_Laying_Idle.uasset" 15
"D:/Documents/Project Repos/Portfolio/Content/Mixamo/Characters/Goblin/Textures/T_Goblin_D.uasset" 16
"D:/Documents/Project Repos/Portfolio/Content/Mixamo/Characters/Goblin/Textures/T_Goblin_E.uasset" 17
"D:/Documents/Project Repos/Portfolio/Content/Mixamo/Characters/Goblin/Textures/T_Goblin_N.uasset" 18
"D:/Documents/Project Repos/Portfolio/Content/Mixamo/Characters/Goblin/Textures/T_Goblin_S.uasset" 19
"D:/Documents/Project Repos/Portfolio/Content/Mixamo/Characters/Goblin/Materials/Vampire_MAT.uasset" 20
"D:/Documents/Project Repos/Portfolio/Content/Mixamo/Characters/Goblin/Materials/Vampire_MAT_Inst.uasset" 21
"D:/Documents/Project Repos/Portfolio/Content/Mixamo/Animation_Sequences/A_Pick_Fruit.uasset" 22
"D:/Documents/Project Repos/Portfolio/Content/Mixamo/Montages/AM_Picking_Fruit.uasset" 23
"D:/Documents/Project Repos/Portfolio/Content/Particles/Materials/m_flare_01.uasset" 24
"D:/Documents/Project Repos/Portfolio/Content/Particles/Particles/PS_Lantern_Flame.uasset" 25
"D:/Documents/Project Repos/Portfolio/Content/Sounds/Audio/BBC_Sound_Library_Sounds/A_Cannon_Fire.uasset" 26
"D:/Documents/Project Repos/Portfolio/Content/Sounds/Audio/BBC_Sound_Library_Sounds/Cues/CannonFireCue.uasset" 27
"D:/Documents/Project Repos/Portfolio/Content/StarterContent/Materials/M_Basic_Wall.uasset" 28
"D:/Documents/Project Repos/Portfolio/Content/StarterContent/Architecture/Pillar_50x500.uasset" 29
"D:/Documents/Project Repos/Portfolio/Content/StarterContent/Architecture/Wall_400x300.uasset" 30
"D:/Documents/Project Repos/Portfolio/Content/StarterContent/Architecture/Wall_400x400.uasset" 31
"D:/Documents/Project Repos/Portfolio/Content/StarterContent/Architecture/Wall_500x500.uasset" 32
"D:/Documents/Project Repos/Portfolio/Content/StarterContent/Architecture/Wall_Door_400x400.uasset" 33
"D:/Documents/Project Repos/Portfolio/Content/StarterContent/Architecture/Wall_Window_400x400.uasset" 34
"D:/Documents/Project Repos/Portfolio/Content/StarterContent/Audio/Collapse01.uasset" 35
"D:/Documents/Project Repos/Portfolio/Content/StarterContent/Audio/Collapse02.uasset" 36
"D:/Documents/Project Repos/Portfolio/Content/StarterContent/Audio/Explosion01.uasset" 37
"D:/Documents/Project Repos/Portfolio/Content/StarterContent/Audio/Explosion02.uasset" 38
"D:/Documents/Project Repos/Portfolio/Content/StarterContent/Audio/Fire01.uasset" 39
"D:/Documents/Project Repos/Portfolio/Content/StarterContent/Audio/Fire_Sparks01.uasset" 40
"D:/Documents/Project Repos/Portfolio/Content/StarterContent/Audio/Light01.uasset" 41
"D:/Documents/Project Repos/Portfolio/Content/StarterContent/Audio/Light01_Cue.uasset" 42
"D:/Documents/Project Repos/Portfolio/Content/StarterContent/Audio/Light02.uasset" 43
"D:/Documents/Project Repos/Portfolio/Content/StarterContent/Audio/Light02_Cue.uasset" 44
"D:/Documents/Project Repos/Portfolio/Content/StarterContent/Audio/Smoke01.uasset" 45
"D:/Documents/Project Repos/Portfolio/Content/StarterContent/Audio/Starter_Birds01.uasset" 46
"D:/Documents/Project Repos/Portfolio/Content/StarterContent/Audio/Starter_Music01.uasset" 47
"D:/Documents/Project Repos/Portfolio/Content/StarterContent/Audio/Starter_Wind05.uasset" 48
"D:/Documents/Project Repos/Portfolio/Content/StarterContent/Audio/Starter_Wind06.uasset" 49
"D:/Documents/Project Repos/Portfolio/Content/StarterContent/Audio/Steam01.uasset" 50
"D:/Documents/Project Repos/Portfolio/Content/StarterContent/Audio/Explosion_Cue.uasset" 51
"D:/Documents/Project Repos/Portfolio/Content/StarterContent/Textures/T_Burst_M.uasset" 52
"D:/Documents/Project Repos/Portfolio/Content/StarterContent/Particles/Materials/M_Burst.uasset" 53
"D:/Documents/Project Repos/Portfolio/Content/StarterContent/Textures/T_Explosion_SubUV.uasset" 54
"D:/Documents/Project Repos/Portfolio/Content/StarterContent/Particles/Materials/M_explosion_subUV.uasset" 55
"D:/Documents/Project Repos/Portfolio/Content/StarterContent/Particles/Materials/m_flare_01.uasset" 56
"../../../Engine/Content/Functions/Engine_MaterialFunctions01/Gradient/RadialGradient.uasset" 57
"D:/Documents/Project Repos/Portfolio/Content/StarterContent/Particles/Materials/M_radial_ramp.uasset" 58
"D:/Documents/Project Repos/Portfolio/Content/StarterContent/Textures/T_Smoke_SubUV.uasset" 59
"D:/Documents/Project Repos/Portfolio/Content/StarterContent/Textures/T_Smoke_Tiled_D.uasset" 60
"D:/Documents/Project Repos/Portfolio/Content/StarterContent/Particles/Materials/M_smoke_subUV.uasset" 61
"D:/Documents/Project Repos/Portfolio/Content/StarterContent/Particles/P_Explosion.uasset" 62
"D:/Documents/Project Repos/Portfolio/Content/StarterContent/Blueprints/Blueprint_Effect_Explosion.uasset" 63
"../../../Engine/Content/EditorMeshes/ColorCalibrator/T_ColorGrid.uasset" 64
"D:/Documents/Project Repos/Portfolio/Content/StarterContent/Materials/M_ColorGrid_LowSpec.uasset" 65
"D:/Documents/Project Repos/Portfolio/Content/StarterContent/Textures/T_Bush_D.uasset" 66
"D:/Documents/Project Repos/Portfolio/Content/StarterContent/Textures/T_Bush_N.uasset" 67
"D:/Documents/Project Repos/Portfolio/Content/StarterContent/Props/Materials/M_Bush.uasset" 68
"D:/Documents/Project Repos/Portfolio/Content/StarterContent/Props/SM_Bush.uasset" 69
"D:/Documents/Project Repos/Portfolio/Content/StarterContent/Textures/T_Chair_M.uasset" 70
"D:/Documents/Project Repos/Portfolio/Content/StarterContent/Textures/T_Chair_N.uasset" 71
"D:/Documents/Project Repos/Portfolio/Content/StarterContent/Props/Materials/M_Chair.uasset" 72
"D:/Documents/Project Repos/Portfolio/Content/StarterContent/Props/SM_Couch.uasset" 73
"D:/Documents/Project Repos/Portfolio/Content/StarterContent/Materials/M_Glass.uasset" 74
"D:/Documents/Project Repos/Portfolio/Content/StarterContent/Textures/T_Door_M.uasset" 75
"D:/Documents/Project Repos/Portfolio/Content/StarterContent/Textures/T_Door_N.uasset" 76
"D:/Documents/Project Repos/Portfolio/Content/StarterContent/Props/Materials/M_Door.uasset" 77
"D:/Documents/Project Repos/Portfolio/Content/StarterContent/Props/SM_Door.uasset" 78
"D:/Documents/Project Repos/Portfolio/Content/StarterContent/Props/Materials/M_MaterialSphere.uasset" 79
"D:/Documents/Project Repos/Portfolio/Content/StarterContent/Props/Materials/M_MaterialSphere_Plain.uasset" 80
"D:/Documents/Project Repos/Portfolio/Content/StarterContent/Props/SM_MatPreviewMesh_02.uasset" 81
"../../../Engine/Content/Functions/Engine_MaterialFunctions02/Utility/BlendAngleCorrectedNormals.uasset" 82
"D:/Documents/Project Repos/Portfolio/Content/StarterContent/Textures/T_Detail_Rocky_N.uasset" 83
"D:/Documents/Project Repos/Portfolio/Content/StarterContent/Textures/T_Rock_Basalt_D.uasset" 84
"D:/Documents/Project Repos/Portfolio/Content/StarterContent/Textures/T_RockMesh_M.uasset" 85
"D:/Documents/Project Repos/Portfolio/Content/StarterContent/Textures/T_RockMesh_N.uasset" 86
"D:/Documents/Project Repos/Portfolio/Content/StarterContent/Props/Materials/M_Rock.uasset" 87
"D:/Documents/Project Repos/Portfolio/Content/StarterContent/Props/SM_Rock.uasset" 88
"D:/Documents/Project Repos/Portfolio/Content/StarterContent/Textures/T_Shelf_M.uasset" 89
"D:/Documents/Project Repos/Portfolio/Content/StarterContent/Textures/T_Shelf_N.uasset" 90
"D:/Documents/Project Repos/Portfolio/Content/StarterContent/Props/Materials/M_Shelf.uasset" 91
"D:/Documents/Project Repos/Portfolio/Content/StarterContent/Props/SM_Shelf.uasset" 92
"D:/Documents/Project Repos/Portfolio/Content/StarterContent/Materials/M_Basic_Floor.uasset" 93
"D:/Documents/Project Repos/Portfolio/Content/StarterContent/Props/SM_Stairs.uasset" 94
"D:/Documents/Project Repos/Portfolio/Content/StarterContent/Shapes/Shape_Cone.uasset" 95
"D:/Documents/Project Repos/Portfolio/Content/StarterContent/Shapes/Shape_Cylinder.uasset" 96
"D:/Documents/Project Repos/Portfolio/Content/StarterContent/Shapes/Shape_NarrowCapsule.uasset" 97
"D:/Documents/Project Repos/Portfolio/Content/StarterContent/Shapes/Shape_Pipe.uasset" 98
"D:/Documents/Project Repos/Portfolio/Content/StarterContent/Shapes/Shape_Pipe_180.uasset" 99
"D:/Documents/Project Repos/Portfolio/Content/StarterContent/Shapes/Shape_Pipe_90.uasset" 100
"D:/Documents/Project Repos/Portfolio/Content/StarterContent/Shapes/Shape_Plane.uasset" 101
"D:/Documents/Project Repos/Portfolio/Content/StarterContent/Shapes/Shape_Torus.uasset" 102
"D:/Documents/Project Repos/Portfolio/Content/StarterContent/Shapes/Shape_Trim.uasset" 103
"D:/Documents/Project Repos/Portfolio/Content/StarterContent/Shapes/Shape_Trim_90_In.uasset" 104
"D:/Documents/Project Repos/Portfolio/Content/StarterContent/Shapes/Shape_Trim_90_Out.uasset" 105
"D:/Documents/Project Repos/Portfolio/Content/StarterContent/Shapes/Shape_TriPyramid.uasset" 106
"D:/Documents/Project Repos/Portfolio/Content/StarterContent/Shapes/Shape_Tube.uasset" 107
"D:/Documents/Project Repos/Portfolio/Content/StarterContent/Shapes/Shape_Wedge_A.uasset" 108
"D:/Documents/Project Repos/Portfolio/Content/StarterContent/Shapes/Shape_Wedge_B.uasset" 109
"D:/Documents/Project Repos/Portfolio/Content/StarterContent/Shapes/Shape_WideCapsule.uasset" 110
"D:/Documents/Project Repos/Portfolio/Content/UI/WBP_Interaction.uasset" 111
"../../../Engine/Content/Functions/Engine_MaterialFunctions01/Opacity/CameraDepthFade.uasset" 112
"../../../Engine/Content/EngineMaterials/T_Default_Material_Grid_M.uasset" 113
"../../../Engine/Content/EngineMaterials/T_Default_Material_Grid_N.uasset" 114
"../../../Engine/Content/EngineMaterials/DefaultMaterial.uasset" 115
"../../../Engine/Content/BasicShapes/Cone.uasset" 116
"../../../Engine/Content/EngineMaterials/WorldGridMaterial.uasset" 117
"../../../Engine/Content/BasicShapes/Cube.uasset" 118
"../../../Engine/Content/BasicShapes/Plane.uasset" 119
"../../../Engine/Content/EditorLandscapeResources/DataLayer.uasset" 120
"../../../Engine/Content/EditorMaterials/GizmoMaterial.uasset" 121
"../../../Engine/Content/EditorMaterials/MAT_Groups_Toggle.uasset" 122
"../../../Engine/Content/EditorMaterials/MAT_Groups_Visibility.uasset" 123
"../../../Engine/Content/EditorMaterials/PreviewShadowIndicator.uasset" 124
"../../../Engine/Content/EditorMaterials/PreviewShadowIndicatorMaterial.uasset" 125
"../../../Engine/Content/EditorMaterials/MatineeGroups/MAT_ColorTrack.uasset" 126
"../../../Engine/Content/EditorMaterials/MatineeGroups/MAT_Groups_Anim.uasset" 127
"../../../Engine/Content/EditorMaterials/MatineeGroups/MAT_Groups_AudioMaster.uasset" 128
"../../../Engine/Content/EditorMaterials/MatineeGroups/MAT_Groups_Director.uasset" 129
"../../../Engine/Content/EditorMaterials/MatineeGroups/MAT_Groups_Event.uasset" 130
"../../../Engine/Content/EditorMaterials/MatineeGroups/MAT_Groups_Fade.uasset" 131
"../../../Engine/Content/EditorMaterials/MatineeGroups/MAT_Groups_Float.uasset" 132
"../../../Engine/Content/EditorMaterials/MatineeGroups/MAT_Groups_Move.uasset" 133
"../../../Engine/Content/EditorMaterials/MatineeGroups/MAT_Groups_Slomo.uasset" 134
"../../../Engine/Content/EditorMaterials/MatineeGroups/MAT_Groups_Sound.uasset" 135
"../../../Engine/Content/EditorMaterials/MatineeGroups/MAT_Groups_Vector.uasset" 136
"../../../Engine/Content/EditorMaterials/ParticleSystems/PSysThumbnail_NoImage.uasset" 137
"../../../Engine/Content/EditorMaterials/ParticleSystems/PSysThumbnail_OOD.uasset" 138
"../../../Engine/Content/EditorMaterials/Camera/CineMat.uasset" 139
"../../../Engine/Content/EditorMaterials/Camera/MI_CineMat_Rig.uasset" 140
"../../../Engine/Content/EditorMeshes/Camera/SM_CraneRig_Arm.uasset" 141
"../../../Engine/Content/EditorMeshes/Camera/SM_CraneRig_Base.uasset" 142
"../../../Engine/Content/EditorMeshes/Camera/SM_CraneRig_Body.uasset" 143
"../../../Engine/Content/EditorMeshes/Camera/SM_CraneRig_Mount.uasset" 144
"../../../Engine/Content/EditorMeshes/Camera/SM_RailRig_Mount.uasset" 145
"../../../Engine/Content/EditorMeshes/Camera/SM_RailRig_Track.uasset" 146
"../../../Engine/Content/EditorResources/BSPVertex.uasset" 147
"../../../Engine/Content/EditorResources/EmptyActor.uasset" 148
"../../../Engine/Content/EditorResources/S_Actor.uasset" 149
"../../../Engine/Content/EditorResources/S_Trigger.uasset" 150
"../../../Engine/Content/EditorResources/AudioIcons/S_AudioComponent.uasset" 151
"../../../Engine/Content/EditorResources/AudioIcons/S_AudioComponent_AutoActivate.uasset" 152
"../../../Engine/Content/EditorResources/LightIcons/S_LightError.uasset" 153
"../../../Engine/Content/EditorResources/SequenceRecorder/Countdown.uasset" 154
"../../../Engine/Content/EditorResources/SequenceRecorder/RecordingIndicator.uasset" 155
"../../../Engine/Content/EditorSounds/Notifications/CompileFailed.uasset" 156
"../../../Engine/Content/EditorSounds/Notifications/CompileFailed_Cue.uasset" 157
"../../../Engine/Content/EditorSounds/Notifications/CompileSuccess.uasset" 158
"../../../Engine/Content/EditorSounds/Notifications/CompileStart_Cue.uasset" 159
"../../../Engine/Content/EditorSounds/Notifications/CompileSuccess_Cue.uasset" 160
"../../../Engine/Content/EngineDamageTypes/DmgTypeBP_Environmental.uasset" 161
"../../../Engine/Content/EngineDebugMaterials/HeatmapGradient.uasset" 162
"../../../Engine/Content/EngineDebugMaterials/BoneWeightMaterial.uasset" 163
"../../../Engine/Content/EngineDebugMaterials/ClothMaterial.uasset" 164
"../../../Engine/Content/EngineDebugMaterials/ClothMaterial_WF.uasset" 165
"../../../Engine/Content/EngineDebugMaterials/DebugEditorMaterial.uasset" 166
"../../../Engine/Content/EngineDebugMaterials/DebugMeshMaterial.uasset" 167
"../../../Engine/Content/EngineDebugMaterials/GeomMaterial.uasset" 168
"../../../Engine/Content/EngineFonts/Faces/RobotoBold.uasset" 169
"../../../Engine/Content/EngineFonts/Faces/RobotoBoldItalic.uasset" 170
"../../../Engine/Content/EngineFonts/Faces/RobotoItalic.uasset" 171
"../../../Engine/Content/EngineFonts/Faces/RobotoLight.uasset" 172
"../../../Engine/Content/EngineFonts/Faces/RobotoRegular.uasset" 173
"../../../Engine/Content/EngineFonts/Roboto.uasset" 174
"../../../Engine/Content/EngineFonts/Faces/RobotoTiny.uasset" 175
"../../../Engine/Content/EngineFonts/RobotoTiny.uasset" 176
"../../../Engine/Content/EngineMaterials/DefaultBloomKernel.uasset" 177
"../../../Engine/Content/EngineMaterials/DefaultBokeh.uasset" 178
"../../../Engine/Content/EngineMaterials/DefaultDiffuse.uasset" 179
"../../../Engine/Content/EngineMaterials/DefaultDeferredDecalMaterial.uasset" 180
"../../../Engine/Content/EngineMaterials/DefaultLightFunctionMaterial.uasset" 181
"../../../Engine/Content/Functions/Engine_MaterialFunctions02/Utility/BreakOutFloat2Components.uasset" 182
"../../../Engine/Content/EngineMaterials/DefaultPostProcessMaterial.uasset" 183
"../../../Engine/Content/EngineFonts/RobotoDistanceField.uasset" 184
"../../../Engine/Content/EngineMaterials/DefaultTextMaterialOpaque.uasset" 185
"../../../Engine/Content/EngineMaterials/DefaultWhiteGrid.uasset" 186
"../../../Engine/Content/EngineMaterials/EditorBrushMaterial.uasset" 187
"../../../Engine/Content/EngineMaterials/Good64x64TilingNoiseHighFreq.uasset" 188
"../../../Engine/Content/EngineMaterials/MiniFont.uasset" 189
"../../../Engine/Content/EngineMaterials/InvalidLightmapSettings.uasset" 190
"../../../Engine/Content/EngineMaterials/M_InvalidLightmapSettings.uasset" 191
"../../../Engine/Content/Functions/Engine_MaterialFunctions02/WorldPositionOffset/CameraOffset.uasset" 192
"../../../Engine/Content/EngineMaterials/PhAT_JointLimitMaterial.uasset" 193
"../../../Engine/Content/EngineMaterials/PreintegratedSkinBRDF.uasset" 194
"../../../Engine/Content/EngineMaterials/RemoveSurfaceMaterial.uasset" 195
"../../../Engine/Content/EngineMaterials/WeightMapPlaceholderTexture.uasset" 196
"../../../Engine/Content/EngineResources/WhiteSquareTexture.uasset" 197
"../../../Engine/Content/EngineMaterials/Widget3DPassThrough.uasset" 198
"../../../Engine/Content/EngineMaterials/Widget3DPassThrough_Masked.uasset" 199
"../../../Engine/Content/EngineMaterials/Widget3DPassThrough_Opaque.uasset" 200
"../../../Engine/Content/EngineMaterials/Widget3DPassThrough_Masked_OneSided.uasset" 201
"../../../Engine/Content/EngineMaterials/Widget3DPassThrough_Opaque_OneSided.uasset" 202
"../../../Engine/Content/EngineMaterials/Widget3DPassThrough_Translucent.uasset" 203
"../../../Engine/Content/EngineMaterials/Widget3DPassThrough_Translucent_OneSided.uasset" 204
"../../../Engine/Content/EngineMeshes/Cube.uasset" 205
"../../../Engine/Content/EngineMeshes/Cylinder.uasset" 206
"../../../Engine/Content/EngineMeshes/Sphere.uasset" 207
"../../../Engine/Content/EngineResources/Black.uasset" 208
"../../../Engine/Content/EngineResources/DefaultTexture.uasset" 209
"../../../Engine/Content/EngineResources/DefaultTextureCube.uasset" 210
"../../../Engine/Content/EngineResources/GradientTexture0.uasset" 211
"../../../Engine/Content/EngineSounds/Master.uasset" 212
"../../../Engine/Content/Functions/Engine_MaterialFunctions01/Shading/ConvertFromDiffSpec.uasset" 213
"../../../Engine/Content/Functions/Engine_MaterialFunctions01/Shading/PowerToRoughness.uasset" 214
"../../../Engine/Content/Maps/Templates/Thumbnails/Default.uasset" 215
"../../../Engine/Content/Maps/Templates/Thumbnails/VR-Basic.uasset" 216
"../../../Engine/Content/MobileResources/T_MobileControls_texture.uasset" 217
"../../../Engine/Content/MobileResources/T_MobileMenu2.uasset" 218
"../../../Engine/Content/MobileResources/HUD/AnalogHat.uasset" 219
"../../../Engine/Content/MobileResources/HUD/VirtualJoystick_Background.uasset" 220
"../../../Engine/Content/MobileResources/HUD/VirtualJoystick_Thumb.uasset" 221
"../../../Engine/Content/MobileResources/HUD/DefaultVirtualJoysticks.uasset" 222
"../../../Engine/Content/MobileResources/HUD/LeftVirtualJoystickOnly.uasset" 223
"../../../Engine/Content/MobileResources/HUD/MobileHUDButton1_off.uasset" 224
"../../../Engine/Content/MobileResources/HUD/MobileHUDButton1_on.uasset" 225
"../../../Engine/Content/MobileResources/HUD/MobileHUDButton2_off.uasset" 226
"../../../Engine/Content/MobileResources/HUD/MobileHUDButton2_on.uasset" 227
"../../../Engine/Content/MobileResources/HUD/MobileHUDButton3.uasset" 228
"../../../Engine/Content/MobileResources/HUD/MobileHUDButtonFire.uasset" 229
"../../../Engine/Content/MobileResources/HUD/MobileHUDDirectionPad.uasset" 230
"../../../Engine/Content/MobileResources/HUD/MobileHUDDirectionPad2.uasset" 231
"../../../Engine/Content/MobileResources/HUD/MobileHUDDirectionPad3.uasset" 232
"../../../Engine/Content/MobileResources/HUD/MobileHUDDirectionStick.uasset" 233
"../../../Engine/Content/MobileResources/HUD/T_Castle_ThumbstickInner.uasset" 234
"../../../Engine/Content/MobileResources/HUD/T_Castle_ThumbstickOutter.uasset" 235
"../../../Engine/Content/Tutorial/ContentIntroCurve.uasset" 236
"../../../Engine/Content/Tutorial/Basics/TutorialAssets/icon_tab_Levels_40x.uasset" 237
"../../../Engine/Content/Tutorial/BlueprintTutorials/TutorialAssets/BlueprintInterface_64x.uasset" 238
"../../../Engine/Content/Tutorial/BlueprintTutorials/TutorialAssets/BlueprintMacroLibrary_64x.uasset" 239
"../../../Engine/Content/Tutorial/BlueprintTutorials/TutorialAssets/Blueprint_64x.uasset" 240
"../../../Engine/Content/Tutorial/BlueprintTutorials/TutorialAssets/Tutorial_BP_Interface.uasset" 241
"../../../Engine/Content/Tutorial/Foliage/TutorialAssets/Foliage.uasset" 242
"../../../Engine/Content/Tutorial/Landscape/TutorialAssets/Landscape.uasset" 243
"../../../Engine/Content/Tutorial/Paper2D/TutorialAssets/Paper2DFlipbook_TutorialIcon.uasset" 244
"../../../Engine/Content/Tutorial/Paper2D/TutorialAssets/Paper2DSprite_TutorialIcon.uasset" 245
"../../../Engine/Content/Tutorial/SubEditors/TutorialAssets/icon_Editor_Preferences_General_40x.uasset" 246
"../../../Engine/Content/Tutorial/SubEditors/TutorialAssets/icon_ShowSkeletalMeshes_40x.uasset" 247
"../../../Engine/Content/Tutorial/SubEditors/TutorialAssets/TutorialMaterial.uasset" 248
"../../../Engine/Content/Tutorial/SubEditors/TutorialAssets/T_SmokeSubUV_8X8.uasset" 249
"../../../Engine/Content/Tutorial/SubEditors/TutorialAssets/T_soft_smoke.uasset" 250
"../../../Engine/Content/Tutorial/SubEditors/TutorialAssets/M_smoke_subUV_blackbody.uasset" 251
"../../../Engine/Content/Tutorial/SubEditors/TutorialAssets/TutorialParticleSystem.uasset" 252
"../../../Engine/Content/VREditor/Devices/Generic/GenericHMDMaterial.uasset" 253
"../../../Engine/Content/VREditor/Devices/Generic/GenericHMD.uasset" 254
"../../../Engine/Content/Functions/Engine_MaterialFunctions02/Utility/BreakOutFloat3Components.uasset" 255
"../../../Engine/Content/VREditor/Devices/Vive/VivePreController_MasksB.uasset" 256
"../../../Engine/Content/VREditor/Devices/Oculus/OculusControllerMaterial.uasset" 257
"../../../Engine/Content/VREditor/Devices/Oculus/OculusControllerMaterial_Inst.uasset" 258
"../../../Engine/Content/VREditor/Devices/Oculus/OculusControllerMesh.uasset" 259
"../../../Engine/Content/VREditor/Devices/Vive/T_VivePreController_EM.uasset" 260
"../../../Engine/Content/VREditor/Devices/Vive/VivePreController_MasksA.uasset" 261
"../../../Engine/Content/VREditor/Devices/Vive/VivePreControllerDiffuse.uasset" 262
"../../../Engine/Content/VREditor/Devices/Vive/VivePreControllerSpec.uasset" 263
"../../../Engine/Content/VREditor/LaserPointer/VR_LaserPower_01.uasset" 264
"../../../Engine/Content/VREditor/Devices/Vive/VivePreControllerMaterial.uasset" 265
"../../../Engine/Content/VREditor/Devices/Vive/VivePreControllerMaterial_Inst.uasset" 266
"../../../Engine/Content/VREditor/Devices/Vive/VivePreControllerMesh.uasset" 267
"../../../Engine/Content/VREditor/FloatingText/LineMaterial.uasset" 268
"../../../Engine/Content/VREditor/FloatingText/JointSphere.uasset" 269
"../../../Engine/Content/VREditor/FloatingText/LineSegmentCylinder.uasset" 270
"../../../Engine/Content/VREditor/Fonts/VRText_RobotoLarge.uasset" 271
"../../../Engine/Content/VREditor/Fonts/VRTextMaterial.uasset" 272
"../../../Engine/Content/VREditor/Fonts/TranslucentVRTextMaterial.uasset" 273
"../../../Engine/Content/VREditor/LaserPointer/CursorPointer.uasset" 274
"../../../Engine/Content/VREditor/TransformGizmo/TransformGizmoMaterial.uasset" 275
"../../../Engine/Content/VREditor/LaserPointer/HoverMaterial.uasset" 276
"../../../Engine/Content/VREditor/TransformGizmo/TranslucentTransformGizmoMaterial.uasset" 277
"../../../Engine/Content/VREditor/LaserPointer/TranslucentHoverMaterial.uasset" 278
"../../../Engine/Content/VREditor/LaserPointer/HoverMesh.uasset" 279
"../../../Engine/Content/VREditor/LaserPointer/LaserPointerMaterial.uasset" 280
"../../../Engine/Content/VREditor/LaserPointer/LaserPointerMaterialInst.uasset" 281
"../../../Engine/Content/VREditor/LaserPointer/TranslucentLaserPointerMaterialInst.uasset" 282
"../../../Engine/Content/VREditor/LaserPointer/LaserPointerMesh.uasset" 283
"../../../Engine/Content/VREditor/LaserPointer/LaserPointerMesh_End.uasset" 284
"../../../Engine/Content/VREditor/LaserPointer/LaserPointerMesh_Start.uasset" 285
"../../../Engine/Content/VREditor/Sounds/VR_teleport.uasset" 286
"../../../Engine/Content/VREditor/Sounds/UI/Click_on_Button.uasset" 287
"../../../Engine/Content/VREditor/Sounds/UI/Click_on_Button_Cue.uasset" 288
"../../../Engine/Content/VREditor/Sounds/UI/Dockable_Window_Close.uasset" 289
"../../../Engine/Content/VREditor/Sounds/UI/Dockable_Window_Drop.uasset" 290
"../../../Engine/Content/VREditor/Sounds/UI/Dockable_Window_Open.uasset" 291
"../../../Engine/Content/VREditor/Sounds/UI/Dockable_Window_Pick_Up.uasset" 292
"../../../Engine/Content/VREditor/Sounds/UI/Drop_Item_From_ContentBrowser.uasset" 293
"../../../Engine/Content/VREditor/Sounds/UI/Floating_UI_Open-001.uasset" 294
"../../../Engine/Content/VREditor/Sounds/UI/Radial_Menu_FadeOut.uasset" 295
"../../../Engine/Content/VREditor/Sounds/UI/Teleport_Mode_Entered.uasset" 296
"../../../Engine/Content/VREditor/Teleport/TeleportDirectionMaterial.uasset" 297
"../../../Engine/Content/VREditor/Teleport/TeleportDirectionMaterial_Inst.uasset" 298
"../../../Engine/Content/VREditor/Teleport/TeleportDirectionMesh.uasset" 299
"../../../Engine/Content/VREditor/TransformGizmo/BoundingBoxCorner.uasset" 300
"../../../Engine/Content/VREditor/TransformGizmo/BoundingBoxEdge.uasset" 301
"../../../Engine/Content/VREditor/TransformGizmo/PlaneTranslationHandle.uasset" 302
"../../../Engine/Content/VREditor/TransformGizmo/Main.uasset" 303
"../../../Engine/Content/VREditor/TransformGizmo/Xray.uasset" 304
"../../../Engine/Content/VREditor/TransformGizmo/SM_Dialog_Close.uasset" 305
"../../../Engine/Content/VREditor/TransformGizmo/SM_Dialog_Move.uasset" 306
"../../../Engine/Content/VREditor/TransformGizmo/SM_Sequencer_Key.uasset" 307
"../../../Engine/Content/VREditor/TransformGizmo/SM_Sequencer_Node.uasset" 308
"../../../Engine/Content/VREditor/TransformGizmo/TransformGizmoMaterial_Inst.uasset" 309
"../../../Engine/Content/VREditor/TransformGizmo/TranslucentTransformGizmoMaterial_Inst.uasset" 310
"../../../Engine/Content/VREditor/Devices/Vive/UE4_Logo.uasset" 311
"../../../Engine/Content/VREditor/UI/M_ContentWindow.uasset" 312
"../../../Engine/Content/VREditor/UI/SM_ContentWindow_01.uasset" 313
"../../../Engine/Content/VREditor/UI/KeyDiskMaterial.uasset" 314
"../../../Engine/Content/VREditor/UI/DiscMaterial.uasset" 315
"../../../Engine/Content/VREditor/UI/SM_Radial_Disk.uasset" 316
"../../../Engine/Content/VREditor/UI/ArrowMaterial.uasset" 317
"../../../Engine/Content/VREditor/UI/SM_Radial_Pointer.uasset" 318
"../../../Engine/Content/VREditor/WorldMovementGrid/SimpleGrid.uasset" 319
"../../../Engine/Content/VREditor/WorldMovementGrid/GridMaterial.uasset" 320
"../../../Engine/Content/Functions/Engine_MaterialFunctions01/Density/ExponentialDensity.uasset" 321
"../../../Engine/Content/VREditor/WorldMovementGrid/GridPostProcess.uasset" 322
"../../../Engine/Content/EditorLandscapeResources/FlattenHeightMat.uasset" 323
"../../../Engine/Content/VREditor/WorldMovementGrid/PlaneMesh.uasset" 324
"../../Plugins/2D/Paper2D/Content/PlaceholderTextures/DummySpriteTexture.uasset" 325
"../../Plugins/2D/Paper2D/Content/DummySprite.uasset" 326
"../../Plugins/2D/Paper2D/Content/DefaultPaperTerrainMaterial.uasset" 327
"../../Plugins/2D/Paper2D/Content/DefaultSpriteMaterial.uasset" 328
"../../Plugins/2D/Paper2D/Content/MaskedUnlitSpriteMaterial.uasset" 329
"../../Plugins/2D/Paper2D/Content/OpaqueUnlitSpriteMaterial.uasset" 330
"../../Plugins/Media/MediaCompositing/Content/DefaultMediaPlaneTexture.uasset" 331
"../../Plugins/Media/MediaCompositing/Content/DefaultMediaPlaneMaterial.uasset" 332
"../../../Engine/Content/Functions/Engine_MaterialFunctions02/Utility/MakeFloat4.uasset" 333
"../../Plugins/Runtime/AppleARKit/Content/ARKitCameraMaterial.uasset" 334
"../../Plugins/Runtime/Oculus/OculusVR/Content/Textures/GearVRController_AO.uasset" 335
"../../Plugins/Runtime/Oculus/OculusVR/Content/Textures/GearVRController_Color.uasset" 336
"../../Plugins/Runtime/Oculus/OculusVR/Content/Textures/GearVRController_Normal.uasset" 337
"../../Plugins/Runtime/Oculus/OculusVR/Content/Materials/GearVRControllerMaterial.uasset" 338
"../../Plugins/Runtime/Oculus/OculusVR/Content/Meshes/GearVrController.uasset" 339
"D:/Documents/Project Repos/Portfolio/Content/Mixamo/Animation_Sequences/A_Drinking.uasset" 340
"D:/Documents/Project Repos/Portfolio/Content/Mixamo/Animation_Sequences/A_Idle_01.uasset" 341
"D:/Documents/Project Repos/Portfolio/Content/Mixamo/Animation_Sequences/A_Sitting_01.uasset" 342
"D:/Documents/Project Repos/Portfolio/Content/Mixamo/Animation_Sequences/A_Sitting_02.uasset" 343
"D:/Documents/Project Repos/Portfolio/Content/Mixamo/Animation_Sequences/A_Sitting_03.uasset" 344
"D:/Documents/Project Repos/Portfolio/Content/Mixamo/Animation_Sequences/A_Sitting_04.uasset" 345
"D:/Documents/Project Repos/Portfolio/Content/Mixamo/Animation_Sequences/A_Swing_Dancing.uasset" 346
"D:/Documents/Project Repos/Portfolio/Content/Mixamo/Animation_Sequences/A_Jump_End.uasset" 347
"D:/Documents/Project Repos/Portfolio/Content/Mixamo/Animation_Sequences/A_Jump_Loop.uasset" 348
"D:/Documents/Project Repos/Portfolio/Content/Mixamo/Animation_Sequences/A_Jump_Start.uasset" 349
"D:/Documents/Project Repos/Portfolio/Content/Sounds/Audio/Epic_Sounds/Couch_Knights_Sounds/A_Foostep_01.uasset" 350
"D:/Documents/Project Repos/Portfolio/Content/Sounds/Audio/Epic_Sounds/Couch_Knights_Sounds/A_Footstep_02.uasset" 351
"D:/Documents/Project Repos/Portfolio/Content/Sounds/Audio/Epic_Sounds/Couch_Knights_Sounds/A_Footstep_03.uasset" 352
"D:/Documents/Project Repos/Portfolio/Content/Sounds/Audio/Epic_Sounds/Couch_Knights_Sounds/A_Footstep_04.uasset" 353
"D:/Documents/Project Repos/Portfolio/Content/Sounds/Audio/Epic_Sounds/Couch_Knights_Sounds/A_Footstep_05.uasset" 354
"D:/Documents/Project Repos/Portfolio/Content/Sounds/Audio/Epic_Sounds/Couch_Knights_Sounds/A_Footstep_06.uasset" 355
"D:/Documents/Project Repos/Portfolio/Content/Sounds/Audio/Epic_Sounds/Couch_Knights_Sounds/ATT_Character.uasset" 356
"D:/Documents/Project Repos/Portfolio/Content/Sounds/Audio/BBC_Sound_Library_Sounds/Cues/A_Footstep_Cue.uasset" 357
"D:/Documents/Project Repos/Portfolio/Content/Mixamo/Animation_Sequences/A_Running.uasset" 358
"D:/Documents/Project Repos/Portfolio/Content/Mixamo/Animation_Sequences/A_Walk.uasset" 359
"D:/Documents/Project Repos/Portfolio/Content/Mixamo/Blendspaces/1D_Idle_To_Run.uasset" 360
"D:/Documents/Project Repos/Portfolio/Content/Mixamo/Animation_Sequences/A_Swimming.uasset" 361
"D:/Documents/Project Repos/Portfolio/Content/Mixamo/Animation_Sequences/A_Treading_Water.uasset" 362
"D:/Documents/Project Repos/Portfolio/Content/Mixamo/Blendspaces/1D_Swim.uasset" 363
"../../../Engine/Content/EditorBlueprintResources/StandardMacros.uasset" 364
"D:/Documents/Project Repos/Portfolio/Content/Mixamo/AI_Anim_BP.uasset" 365
"D:/Documents/Project Repos/Portfolio/Content/Gameplay/Blueprints/AI_Interactables/BP_Waypoint.uasset" 366
"D:/Documents/Project Repos/Portfolio/Content/AI/Blackboards/BB_NPC.uasset" 367
"D:/Documents/Project Repos/Portfolio/Content/Gameplay/Blueprints/AI_Interactables/BP_Activity_Spot.uasset" 368
"D:/Documents/Project Repos/Portfolio/Content/AI/Tasks/BTTask_Perform_Action.uasset" 369
"D:/Documents/Project Repos/Portfolio/Content/AI/Tasks/BTTask_Select_Next_Destination.uasset" 370
"D:/Documents/Project Repos/Portfolio/Content/AI/Trees/BT_Patrol.uasset" 371
"D:/Documents/Project Repos/Portfolio/Content/AI/Trees/BT_NPC.uasset" 372
"D:/Documents/Project Repos/Portfolio/Content/UI/Textures/T_Objective.uasset" 373
"D:/Documents/Project Repos/Portfolio/Content/Gameplay/HUD/BP_HUD.uasset" 374
"D:/Documents/Project Repos/Portfolio/Content/Gameplay/Interfaces/BPI_Useable.uasset" 375
"D:/Documents/Project Repos/Portfolio/Content/UI/Dialogue/WBP_Dialogue_Option.uasset" 376
"D:/Documents/Project Repos/Portfolio/Content/UI/Dialogue/WBP_Dialogue.uasset" 377
"D:/Documents/Project Repos/Portfolio/Content/Sounds/Audio/Epic_Sounds/Content_Example_Sounds/A_Blueprints_Text_Pop_01.uasset" 378
"D:/Documents/Project Repos/Portfolio/Content/UI/Inventory/WBP_Inventory_Slot.uasset" 379
"D:/Documents/Project Repos/Portfolio/Content/UI/Inventory/WBP_Inventory.uasset" 380
"D:/Documents/Project Repos/Portfolio/Content/UI/Objective/WBP_Objective_Entry.uasset" 381
"D:/Documents/Project Repos/Portfolio/Content/Sounds/Audio/Epic_Sounds/Content_Example_Sounds/A_Text_Pop_01.uasset" 382
"D:/Documents/Project Repos/Portfolio/Content/Sounds/Audio/Epic_Sounds/Content_Example_Sounds/A_Text_Pop_02.uasset" 383
"D:/Documents/Project Repos/Portfolio/Content/Sounds/Audio/Epic_Sounds/Content_Example_Sounds/A_Text_Pop_Cue_01.uasset" 384
"D:/Documents/Project Repos/Portfolio/Content/UI/WBP_Quest_Entry.uasset" 385
"D:/Documents/Project Repos/Portfolio/Content/Sounds/Audio/Epic_Sounds/Content_Example_Sounds/A_Blueprints_Text_Pop_02.uasset" 386
"D:/Documents/Project Repos/Portfolio/Content/Sounds/Audio/Epic_Sounds/Content_Example_Sounds/A_Blueprints_Text_Pop_03.uasset" 387
"D:/Documents/Project Repos/Portfolio/Content/Sounds/Audio/Epic_Sounds/Content_Example_Sounds/A_Text_Pop_Cue_02.uasset" 388
"D:/Documents/Project Repos/Portfolio/Content/UI/WBP_Journal.uasset" 389
"D:/Documents/Project Repos/Portfolio/Content/Gameplay/Structures/S_Message_Details.uasset" 390
"D:/Documents/Project Repos/Portfolio/Content/UI/WBP_Message.uasset" 391
"D:/Documents/Project Repos/Portfolio/Content/UI/WBP_Player.uasset" 392
"D:/Documents/Project Repos/Portfolio/Content/Player/Controllers/BP_GamePlayerController.uasset" 393
"D:/Documents/Project Repos/Portfolio/Content/Mixamo/Characters/Boy/Textures/Diffuse/T_Jasper_Shoes_D.uasset" 394
"D:/Documents/Project Repos/Portfolio/Content/Mixamo/Characters/Boy/Textures/Gloss/T_Jasper_Shoes_G.uasset" 395
"D:/Documents/Project Repos/Portfolio/Content/Mixamo/Characters/Boy/Textures/Normals/T_Jasper_Shoes_N.uasset" 396
"D:/Documents/Project Repos/Portfolio/Content/Mixamo/Characters/Boy/Textures/Opacity/T_Jasper_Shoes_O.uasset" 397
"D:/Documents/Project Repos/Portfolio/Content/Mixamo/Characters/Boy/Textures/Specular/T_Jasper_Shoes_S.uasset" 398
"D:/Documents/Project Repos/Portfolio/Content/Mixamo/Characters/Boy/Materials/M_Shoes.uasset" 399
"D:/Documents/Project Repos/Portfolio/Content/Mixamo/Characters/Boy/Textures/Diffuse/T_Jasper_Body_D.uasset" 400
"D:/Documents/Project Repos/Portfolio/Content/Mixamo/Characters/Boy/Textures/Gloss/T_Jasper_Body_G.uasset" 401
"D:/Documents/Project Repos/Portfolio/Content/Mixamo/Characters/Boy/Textures/Normals/T_Jasper_Body_N.uasset" 402
"D:/Documents/Project Repos/Portfolio/Content/Mixamo/Characters/Boy/Textures/Opacity/T_Jasper_Body_O.uasset" 403
"D:/Documents/Project Repos/Portfolio/Content/Mixamo/Characters/Boy/Textures/Specular/T_Jasper_Body_S.uasset" 404
"D:/Documents/Project Repos/Portfolio/Content/Mixamo/Characters/Boy/Materials/M_Body.uasset" 405
"D:/Documents/Project Repos/Portfolio/Content/Mixamo/Characters/Boy/Textures/Diffuse/T_Jasper_Hair_D.uasset" 406
"D:/Documents/Project Repos/Portfolio/Content/Mixamo/Characters/Boy/Textures/Gloss/T_Jasper_Hair_G.uasset" 407
"D:/Documents/Project Repos/Portfolio/Content/Mixamo/Characters/Boy/Textures/Normals/T_Jasper_Hair_N.uasset" 408
"D:/Documents/Project Repos/Portfolio/Content/Mixamo/Characters/Boy/Textures/Opacity/T_Jasper_Hair_O.uasset" 409
"D:/Documents/Project Repos/Portfolio/Content/Mixamo/Characters/Boy/Textures/Specular/T_Jasper_Hair_S.uasset" 410
"D:/Documents/Project Repos/Portfolio/Content/Mixamo/Characters/Boy/Materials/M_Hair.uasset" 411
"D:/Documents/Project Repos/Portfolio/Content/Mixamo/Characters/Boy/Textures/Diffuse/T_Jasper_Bottom_D.uasset" 412
"D:/Documents/Project Repos/Portfolio/Content/Mixamo/Characters/Boy/Textures/Gloss/T_Jasper_Bottom_G.uasset" 413
"D:/Documents/Project Repos/Portfolio/Content/Mixamo/Characters/Boy/Textures/Normals/T_Jasper_Bottom_N.uasset" 414
"D:/Documents/Project Repos/Portfolio/Content/Mixamo/Characters/Boy/Textures/Opacity/T_Jasper_Bottom_O.uasset" 415
"D:/Documents/Project Repos/Portfolio/Content/Mixamo/Characters/Boy/Textures/Specular/T_Jasper_Bottom_S.uasset" 416
"D:/Documents/Project Repos/Portfolio/Content/Mixamo/Characters/Boy/Materials/M_Pants.uasset" 417
"D:/Documents/Project Repos/Portfolio/Content/Mixamo/Characters/Boy/Textures/Diffuse/T_Jasper_Top_D.uasset" 418
"D:/Documents/Project Repos/Portfolio/Content/Mixamo/Characters/Boy/Textures/Gloss/T_Jasper_Top_G.uasset" 419
"D:/Documents/Project Repos/Portfolio/Content/Mixamo/Characters/Boy/Textures/Normals/T_Jasper_Top_N.uasset" 420
"D:/Documents/Project Repos/Portfolio/Content/Mixamo/Characters/Boy/Textures/Opacity/T_Jasper_Top_O.uasset" 421
"D:/Documents/Project Repos/Portfolio/Content/Mixamo/Characters/Boy/Textures/Specular/T_Jasper_Top_S.uasset" 422
"D:/Documents/Project Repos/Portfolio/Content/Mixamo/Characters/Boy/Materials/M_Shirt.uasset" 423
"D:/Documents/Project Repos/Portfolio/Content/Mixamo/Characters/Boy/PHYS_Jasper.uasset" 424
"D:/Documents/Project Repos/Portfolio/Content/Mixamo/Characters/Boy/SK_Jasper.uasset" 425
"D:/Documents/Project Repos/Portfolio/Content/Player/Character/BP_Player_Character.uasset" 426
"D:/Documents/Project Repos/Portfolio/Content/Gameplay/ENUMS/ETimeOfDay.uasset" 427
"D:/Documents/Project Repos/Portfolio/Content/Gameplay/Game_Mode/BP_GM.uasset" 428
"D:/Documents/Project Repos/Portfolio/Content/Gameplay/Structures/S_Route.uasset" 429
"D:/Documents/Project Repos/Portfolio/Content/AI/Controllers/AIC_NPC.uasset" 430
"D:/Documents/Project Repos/Portfolio/Content/Mixamo/Characters/Paladin/Textures/T_Paladin_D.uasset" 431
"D:/Documents/Project Repos/Portfolio/Content/Mixamo/Characters/Paladin/Textures/T_Paladin_N.uasset" 432
"D:/Documents/Project Repos/Portfolio/Content/Mixamo/Characters/Paladin/Textures/T_Paladin_S.uasset" 433
"D:/Documents/Project Repos/Portfolio/Content/Mixamo/Characters/Paladin/Materials/M_Paladin.uasset" 434
"D:/Documents/Project Repos/Portfolio/Content/Mixamo/Characters/Paladin/PHYS_Paladin.uasset" 435
"D:/Documents/Project Repos/Portfolio/Content/Mixamo/Characters/Paladin/SK_Paladin.uasset" 436
"D:/Documents/Project Repos/Portfolio/Content/AI/NPCS/AI_Character.uasset" 437
"D:/Documents/Project Repos/Portfolio/Content/Mixamo/Characters/Clown/Textures/T_Clown_A.uasset" 438
"D:/Documents/Project Repos/Portfolio/Content/Mixamo/Characters/Clown/Textures/T_Clown_D.uasset" 439
"D:/Documents/Project Repos/Portfolio/Content/Mixamo/Characters/Clown/Textures/T_Clown_N.uasset" 440
"D:/Documents/Project Repos/Portfolio/Content/Mixamo/Characters/Clown/Textures/T_Clown_S.uasset" 441
"D:/Documents/Project Repos/Portfolio/Content/Mixamo/Characters/Clown/Materials/M_Clown.uasset" 442
"D:/Documents/Project Repos/Portfolio/Content/Mixamo/Characters/Clown/PHYS_Clown.uasset" 443
"D:/Documents/Project Repos/Portfolio/Content/Mixamo/Characters/Clown/SK_Clown.uasset" 444
"D:/Documents/Project Repos/Portfolio/Content/AI/NPCS/BP_Clown.uasset" 445
"D:/Documents/Project Repos/Portfolio/Content/Mixamo/Characters/Witch/Material/T_Witch_D.uasset" 446
"D:/Documents/Project Repos/Portfolio/Content/Mixamo/Characters/Witch/Material/T_Witch_N.uasset" 447
"D:/Documents/Project Repos/Portfolio/Content/Mixamo/Characters/Witch/Material/T_Witch_S.uasset" 448
"D:/Documents/Project Repos/Portfolio/Content/Mixamo/Characters/Witch/Material/M_Witch.uasset" 449
"D:/Documents/Project Repos/Portfolio/Content/Mixamo/Characters/Witch/Material/M_Witch_Eyes.uasset" 450
"D:/Documents/Project Repos/Portfolio/Content/Mixamo/Characters/Witch/PHYS_Witch.uasset" 451
"D:/Documents/Project Repos/Portfolio/Content/Mixamo/Characters/Witch/SK_Witch.uasset" 452
"D:/Documents/Project Repos/Portfolio/Content/AI/NPCS/BP_Goblin.uasset" 453
"D:/Documents/Project Repos/Portfolio/Content/Mixamo/Characters/Knight/T_Knight_D.uasset" 454
"D:/Documents/Project Repos/Portfolio/Content/Mixamo/Characters/Knight/T_Knight_S.uasset" 455
"D:/Documents/Project Repos/Portfolio/Content/Mixamo/Characters/Knight/M_Knight.uasset" 456
"D:/Documents/Project Repos/Portfolio/Content/Mixamo/Characters/Knight/PHYS_Knight.uasset" 457
"D:/Documents/Project Repos/Portfolio/Content/Mixamo/Characters/Knight/SK_Knight.uasset" 458
"D:/Documents/Project Repos/Portfolio/Content/AI/NPCS/BP_Knight.uasset" 459
"D:/Documents/Project Repos/Portfolio/Content/AI/NPCS/BP_Paladin.uasset" 460
"D:/Documents/Project Repos/Portfolio/Content/Mixamo/Characters/Goblin/PHYS_Goblin.uasset" 461
"D:/Documents/Project Repos/Portfolio/Content/Mixamo/Characters/Goblin/SK_Goblin.uasset" 462
"D:/Documents/Project Repos/Portfolio/Content/AI/NPCS/BP_Vampire.uasset" 463
"D:/Documents/Project Repos/Portfolio/Content/Gameplay/Blueprints/BP_Cannon_Pawn.uasset" 464
"D:/Documents/Project Repos/Portfolio/Content/Environment/Parent_Materials_Textures/Materials/Diffuse/M_Diffuse_Two_Sided.uasset" 465
"D:/Documents/Project Repos/Portfolio/Content/Environment/Props/Large_Props/Materials/MI_Cannon_Barrel.uasset" 466
"D:/Documents/Project Repos/Portfolio/Content/Environment/Props/Large_Props/Materials/MI_Cannon_Chassis.uasset" 467
"D:/Documents/Project Repos/Portfolio/Content/Environment/Props/Large_Props/Cannon.uasset" 468
"D:/Documents/Project Repos/Portfolio/Content/Particles/Materials/M_Cannon_Spark_Glow.uasset" 469
"D:/Documents/Project Repos/Portfolio/Content/Particles/Particles/PS_Cannon_Fire_02.uasset" 470
"D:/Documents/Project Repos/Portfolio/Content/Particles/Particles/PS_Cannon_Sparks.uasset" 471
"D:/Documents/Project Repos/Portfolio/Content/Particles/Textures/T_Smoke_SubUV.uasset" 472
"D:/Documents/Project Repos/Portfolio/Content/Particles/Textures/T_Smoke_Tiled_D.uasset" 473
"D:/Documents/Project Repos/Portfolio/Content/Particles/Materials/M_Smoke_Sub_UV.uasset" 474
"D:/Documents/Project Repos/Portfolio/Content/Particles/Particles/PS_Smoke.uasset" 475
"D:/Documents/Project Repos/Portfolio/Content/Sounds/Audio/BBC_Sound_Library_Sounds/Cues/A_Cannon_Fire_Cue.uasset" 476
"D:/Documents/Project Repos/Portfolio/Content/Sounds/Audio/BBC_Sound_Library_Sounds/A_Cannon_Sparks.uasset" 477
"D:/Documents/Project Repos/Portfolio/Content/Sounds/Audio/BBC_Sound_Library_Sounds/Cues/A_Cannon_Sparks.uasset" 478
"D:/Documents/Project Repos/Portfolio/Content/Gameplay/Blueprints/Interactables/BP_Cannon.uasset" 479
"D:/Documents/Project Repos/Portfolio/Content/Environment/Parent_Materials_Textures/Materials/Emissive/M_Emissive_Translucent.uasset" 480
"D:/Documents/Project Repos/Portfolio/Content/Environment/Props/Small_Props/Materials/MI_Lantern.uasset" 481
"D:/Documents/Project Repos/Portfolio/Content/Environment/Props/Small_Props/Materials/MI_Metallic_Grey.uasset" 482
"D:/Documents/Project Repos/Portfolio/Content/Environment/Props/Small_Props/SM_Lantern.uasset" 483
"D:/Documents/Project Repos/Portfolio/Content/Particles/Particles/PS_Lantern_Medium.uasset" 484
"D:/Documents/Project Repos/Portfolio/Content/Gameplay/Blueprints/Interactables/BP_Lantern.uasset" 485
"D:/Documents/Project Repos/Portfolio/Content/Environment/Props/Large_Props/T_Tech_Panel_M.uasset" 486
"D:/Documents/Project Repos/Portfolio/Content/Environment/Props/Large_Props/Materials/M_Elevator_Forcefield.uasset" 487
"D:/Documents/Project Repos/Portfolio/Content/Environment/Parent_Materials_Textures/Materials/Emissive/M_Emissive.uasset" 488
"D:/Documents/Project Repos/Portfolio/Content/Environment/Props/Large_Props/Materials/MI_Button.uasset" 489
"D:/Documents/Project Repos/Portfolio/Content/Environment/Props/Large_Props/Materials/MI_Elevator_Body.uasset" 490
"D:/Documents/Project Repos/Portfolio/Content/Environment/Parent_Materials_Textures/Materials/Translucent/M_Translucent_Two_Sided.uasset" 491
"D:/Documents/Project Repos/Portfolio/Content/Environment/Props/Large_Props/Materials/MI_Glass_Two_Sided.uasset" 492
"D:/Documents/Project Repos/Portfolio/Content/Environment/Parent_Materials_Textures/Textures/T_Metal_Aluminum_D.uasset" 493
"D:/Documents/Project Repos/Portfolio/Content/Environment/Parent_Materials_Textures/Materials/Diffuse/M_Diffuse_If_Two_Sided.uasset" 494
"D:/Documents/Project Repos/Portfolio/Content/Environment/Props/Large_Props/Materials/MI_Red_Stone_Two_Sided.uasset" 495
"D:/Documents/Project Repos/Portfolio/Content/Environment/Props/Large_Props/Elevator_Cube.uasset" 496
"D:/Documents/Project Repos/Portfolio/Content/Environment/Props/Large_Props/Materials/MI_Green_Stone_Two_Sided.uasset" 497
"D:/Documents/Project Repos/Portfolio/Content/Environment/Props/Large_Props/SM_Control_Panel.uasset" 498
"D:/Documents/Project Repos/Portfolio/Content/Environment/Props/Large_Props/SM_Elevator_Door.uasset" 499
"D:/Documents/Project Repos/Portfolio/Content/Environment/Props/Large_Props/Materials/MI_Metallic_Grey_Two_Sided.uasset" 500
"D:/Documents/Project Repos/Portfolio/Content/Environment/Parent_Materials_Textures/Materials/Emissive/M_Emissive_Two_Sided.uasset" 501
"D:/Documents/Project Repos/Portfolio/Content/Environment/Props/Large_Props/Materials/MI_Tower_Glow_Two_Sided.uasset" 502
"D:/Documents/Project Repos/Portfolio/Content/Environment/Props/Large_Props/SM_Elevator_Tower.uasset" 503
"D:/Documents/Project Repos/Portfolio/Content/Environment/Props/Large_Props/Materials/MI_Elevator_Track.uasset" 504
"D:/Documents/Project Repos/Portfolio/Content/Environment/Props/Large_Props/SM_Elevator_Track.uasset" 505
"D:/Documents/Project Repos/Portfolio/Content/Environment/Props/Large_Props/SM_Panel_Button.uasset" 506
"D:/Documents/Project Repos/Portfolio/Content/Sounds/Audio/BBC_Sound_Library_Sounds/A_Elevator_Start.uasset" 507
"D:/Documents/Project Repos/Portfolio/Content/Sounds/Audio/BBC_Sound_Library_Sounds/A_Elevator_Track.uasset" 508
"D:/Documents/Project Repos/Portfolio/Content/Gameplay/Blueprints/Interactables/BP_Elevator.uasset" 509
"../../../Engine/Content/BasicShapes/Sphere.uasset" 510
"D:/Documents/Project Repos/Portfolio/Content/Particles/Materials/M_Radial_Gradient.uasset" 511
"D:/Documents/Project Repos/Portfolio/Content/Particles/Particles/PS_Cannon_Ball_Fire.uasset" 512
"D:/Documents/Project Repos/Portfolio/Content/Particles/Particles/PS_Fireworks_01.uasset" 513
"D:/Documents/Project Repos/Portfolio/Content/Particles/Particles/PS_Fireworks_02.uasset" 514
"D:/Documents/Project Repos/Portfolio/Content/Particles/Particles/PS_Fireworks_03.uasset" 515
"D:/Documents/Project Repos/Portfolio/Content/Sounds/Audio/BBC_Sound_Library_Sounds/A_Fireworks_Bang.uasset" 516
"D:/Documents/Project Repos/Portfolio/Content/Sounds/Audio/BBC_Sound_Library_Sounds/A_Rocket.uasset" 517
"D:/Documents/Project Repos/Portfolio/Content/Sounds/Audio/BBC_Sound_Library_Sounds/A_Screamer.uasset" 518
"D:/Documents/Project Repos/Portfolio/Content/Gameplay/Blueprints/BP_Fireworks_Ball.uasset" 519
"D:/Documents/Project Repos/Portfolio/Content/Environment/Props/Large_Props/Materials/MI_Board_Walk.uasset" 520
"D:/Documents/Project Repos/Portfolio/Content/Environment/Props/Large_Props/SM_Cannon_Base.uasset" 521
"D:/Documents/Project Repos/Portfolio/Content/Environment/Props/Small_Props/Materials/MI_Headphones.uasset" 522
"D:/Documents/Project Repos/Portfolio/Content/Environment/Props/Small_Props/SM_Headphones.uasset" 523
"D:/Documents/Project Repos/Portfolio/Content/Environment/Props/Large_Props/SM_Cannon_Socket.uasset" 524
"D:/Documents/Project Repos/Portfolio/Content/Particles/Particles/PS_Cannon_Fire_01.uasset" 525
"D:/Documents/Project Repos/Portfolio/Content/Gameplay/Blueprints/Interactables/Turrets/BP_Turret.uasset" 526
"D:/Documents/Project Repos/Portfolio/Content/Environment/Landscape/Materials/MI_Cave.uasset" 527
"D:/Documents/Project Repos/Portfolio/Content/Environment/Props/Small_Props/SM_Fire_Mesh.uasset" 528
"D:/Documents/Project Repos/Portfolio/Content/Particles/Particles/PS_Fire.uasset" 529
"D:/Documents/Project Repos/Portfolio/Content/Sounds/Audio/Epic_Sounds/Starter_Content_Sounds/A_Fire.uasset" 530
"D:/Documents/Project Repos/Portfolio/Content/Sounds/Audio/Epic_Sounds/Starter_Content_Sounds/A_Fire_Cue.uasset" 531
"D:/Documents/Project Repos/Portfolio/Content/Gameplay/Blueprints/Interactables/BP_Fire.uasset" 532
"D:/Documents/Project Repos/Portfolio/Content/Environment/Water/T_Water_M.uasset" 533
"D:/Documents/Project Repos/Portfolio/Content/Environment/Water/T_Water_N.uasset" 534
"D:/Documents/Project Repos/Portfolio/Content/Environment/Water/M_Water_Simple.uasset" 535
"D:/Documents/Project Repos/Portfolio/Content/Environment/Parent_Materials_Textures/Materials/Diffuse/M_Diffuse_If.uasset" 536
"D:/Documents/Project Repos/Portfolio/Content/Environment/Props/Large_Props/Materials/MI_Green_Stone.uasset" 537
"D:/Documents/Project Repos/Portfolio/Content/Environment/Props/Large_Props/SM_Well.uasset" 538
"D:/Documents/Project Repos/Portfolio/Content/Sounds/Audio/BBC_Sound_Library_Sounds/A_Well.uasset" 539
"D:/Documents/Project Repos/Portfolio/Content/Sounds/Audio/BBC_Sound_Library_Sounds/Cues/A_Well_Cue.uasset" 540
"D:/Documents/Project Repos/Portfolio/Content/Gameplay/Blueprints/Interactables/BP_Well.uasset" 541
"D:/Documents/Project Repos/Portfolio/Content/Sounds/Audio/BBC_Sound_Library_Sounds/A_Day_Atmosphere.uasset" 542
"D:/Documents/Project Repos/Portfolio/Content/Sounds/Audio/BBC_Sound_Library_Sounds/A_Night_Atmosphere.uasset" 543
"D:/Documents/Project Repos/Portfolio/Content/Sounds/Blueprints/BP_Environment_Sounds.uasset" 544
"D:/Documents/Project Repos/Portfolio/Content/Sounds/Audio/BBC_Sound_Library_Sounds/A_Lake.uasset" 545
"D:/Documents/Project Repos/Portfolio/Content/Sounds/Audio/BBC_Sound_Library_Sounds/Cues/A_Lake_Cue.uasset" 546
"D:/Documents/Project Repos/Portfolio/Content/Sounds/Blueprints/BP_Lake_Sounds.uasset" 547
"../../../Engine/Content/EngineSky/C_Sky_Cloud_Color.uasset" 548
"../../../Engine/Content/EngineSky/C_Sky_Horizon_Color.uasset" 549
"../../../Engine/Content/EngineSky/C_Sky_Zenith_Color.uasset" 550
"../../../Engine/Content/EngineSky/T_Sky_Blue.uasset" 551
"../../../Engine/Content/EngineSky/T_Sky_Clouds_M.uasset" 552
"../../../Engine/Content/EngineSky/T_Sky_Stars.uasset" 553
"../../../Engine/Content/EngineSky/M_Sky_Panning_Clouds2.uasset" 554
"../../../Engine/Content/EngineSky/SM_SkySphere.uasset" 555
"../../../Engine/Content/EngineSky/BP_Sky_Sphere.uasset" 556
"D:/Documents/Project Repos/Portfolio/Content/Mixamo/Montages/AM_Drinking.uasset" 557
"../../../Engine/Content/BasicShapes/Cylinder.uasset" 558
"D:/Documents/Project Repos/Portfolio/Content/Sounds/Audio/BBC_Sound_Library_Sounds/A_Can_Opening.uasset" 559
"D:/Documents/Project Repos/Portfolio/Content/Sounds/Audio/BBC_Sound_Library_Sounds/Cues/A_Can_Cue.uasset" 560
"D:/Documents/Project Repos/Portfolio/Content/Gameplay/Blueprints/BP_Can.uasset" 561
"D:/Documents/Project Repos/Portfolio/Content/Gameplay/Blueprints/AI_Interactables/BP_Drinking_Spot.uasset" 562
"D:/Documents/Project Repos/Portfolio/Content/Mixamo/Animation_Sequences/A_Watering.uasset" 563
"D:/Documents/Project Repos/Portfolio/Content/Mixamo/Montages/AM_Watering.uasset" 564
"D:/Documents/Project Repos/Portfolio/Content/Environment/Props/Large_Props/Materials/MI_Bridge_Railing_02.uasset" 565
"D:/Documents/Project Repos/Portfolio/Content/Environment/Props/Small_Props/Materials/MI_Watering_Can.uasset" 566
"D:/Documents/Project Repos/Portfolio/Content/Environment/Props/Small_Props/WateringCan.uasset" 567
"D:/Documents/Project Repos/Portfolio/Content/Particles/Particles/PS_Water.uasset" 568
"D:/Documents/Project Repos/Portfolio/Content/Gameplay/Blueprints/AI_Interactables/BP_WateringCan.uasset" 569
"D:/Documents/Project Repos/Portfolio/Content/Gameplay/Blueprints/AI_Interactables/BP_Watering_Spot.uasset" 570
"D:/Documents/Project Repos/Portfolio/Content/Gameplay/Curves/Curve_Alpha_Day.uasset" 571
"D:/Documents/Project Repos/Portfolio/Content/Gameplay/Curves/Curve_Minutes_In_Day.uasset" 572
"D:/Documents/Project Repos/Portfolio/Content/Gameplay/Curves/Curve_Sun_Rotation.uasset" 573
"D:/Documents/Project Repos/Portfolio/Content/Gameplay/Curves/Curve_Sunlight_Intensity.uasset" 574
"D:/Documents/Project Repos/Portfolio/Content/Gameplay/Curves/Curve_Sunlight_Colour.uasset" 575
"D:/Documents/Project Repos/Portfolio/Content/Gameplay/Blueprints/BP_Day_Night_Cycle.uasset" 576
"D:/Documents/Project Repos/Portfolio/Content/Particles/Textures/T_Musical_M.uasset" 577
"D:/Documents/Project Repos/Portfolio/Content/Particles/Materials/M_Musical.uasset" 578
"D:/Documents/Project Repos/Portfolio/Content/Particles/Particles/PS_Musical_Notes.uasset" 579
"D:/Documents/Project Repos/Portfolio/Content/Gameplay/Blueprints/BP_Headphones.uasset" 580
"D:/Documents/Project Repos/Portfolio/Content/Environment/Props/Large_Props/SM_Lamp_Post.uasset" 581
"D:/Documents/Project Repos/Portfolio/Content/Environment/Props/Small_Props/Materials/MI_Glow_Lantern.uasset" 582
"D:/Documents/Project Repos/Portfolio/Content/Environment/Props/Small_Props/SM_Glowy_Lantern.uasset" 583
"D:/Documents/Project Repos/Portfolio/Content/Particles/Particles/PS_Flies.uasset" 584
"D:/Documents/Project Repos/Portfolio/Content/Gameplay/Blueprints/BP_Lamp_Post.uasset" 585
"D:/Documents/Project Repos/Portfolio/Content/Gameplay/Blueprints/Interactables/BP_Control_Panel.uasset" 586
"D:/Documents/Project Repos/Portfolio/Content/Environment/Foliage/Flowers/Daisy/Textures/T_Daisy.uasset" 587
"D:/Documents/Project Repos/Portfolio/Content/Environment/Foliage/Flowers/Daisy/Materials/M_Flower.uasset" 588
"D:/Documents/Project Repos/Portfolio/Content/Environment/Foliage/Flowers/Geranium/Textures/T_Geranium.uasset" 589
"D:/Documents/Project Repos/Portfolio/Content/Environment/Foliage/Flowers/Geranium/Materials/MI_Geranium_Emissive.uasset" 590
"D:/Documents/Project Repos/Portfolio/Content/Environment/Foliage/Flowers/Geranium/Textures/T_Stem_Geranium.uasset" 591
"D:/Documents/Project Repos/Portfolio/Content/Environment/Foliage/Flowers/Geranium/Materials/M_Stem.uasset" 592
"D:/Documents/Project Repos/Portfolio/Content/Environment/Foliage/Flowers/Geranium/Materials/MI_Geranium.uasset" 593
"D:/Documents/Project Repos/Portfolio/Content/Environment/Foliage/Flowers/Geranium/Static_Meshes/SM_Geranium.uasset" 594
"D:/Documents/Project Repos/Portfolio/Content/UI/Textures/Flower_512.uasset" 595
"D:/Documents/Project Repos/Portfolio/Content/Gameplay/Blueprints/Interactables/BP_Flower.uasset" 596
"D:/Documents/Project Repos/Portfolio/Content/UI/Textures/Lantern_512.uasset" 597
"D:/Documents/Project Repos/Portfolio/Content/Gameplay/Blueprints/BP_Lantern_Kit.uasset" 598
"D:/Documents/Project Repos/Portfolio/Content/Gameplay/Blueprints/Interactables/BP_Quest_Interaction_Volume.uasset" 599
"D:/Documents/Project Repos/Portfolio/Content/Environment/Props/Small_Props/SM_Teapot.uasset" 600
"D:/Documents/Project Repos/Portfolio/Content/Particles/Textures/T_Steam_M.uasset" 601
"D:/Documents/Project Repos/Portfolio/Content/Particles/Materials/M_Steam.uasset" 602
"D:/Documents/Project Repos/Portfolio/Content/Particles/Particles/PS_Steam.uasset" 603
"D:/Documents/Project Repos/Portfolio/Content/Gameplay/Blueprints/Interactables/BP_Teapot.uasset" 604
"D:/Documents/Project Repos/Portfolio/Content/Gameplay/Blueprints/Interactables/Turrets/BP_Musical_Turret.uasset" 605
"D:/Documents/Project Repos/Portfolio/Content/Gameplay/Blueprints/BP_Cannon_Ball.uasset" 606
"D:/Documents/Project Repos/Portfolio/Content/Gameplay/Blueprints/Interactables/Turrets/BP_Targeting_Turret.uasset" 607
"D:/Documents/Project Repos/Portfolio/Content/Quest/FPostDialogue.uasset" 608
"D:/Documents/Project Repos/Portfolio/Content/Environment/Props/Small_Props/Materials/MI_Cake.uasset" 609
"D:/Documents/Project Repos/Portfolio/Content/Environment/Props/Small_Props/Materials/MI_Icing.uasset" 610
"D:/Documents/Project Repos/Portfolio/Content/Environment/Props/Small_Props/SM_Cake.uasset" 611
"D:/Documents/Project Repos/Portfolio/Content/Gameplay/Blueprints/BP_Cake.uasset" 612
"D:/Documents/Project Repos/Portfolio/Content/Environment/Props/Small_Props/Materials/MI_Metallic_Gold.uasset" 613
"D:/Documents/Project Repos/Portfolio/Content/Gameplay/Blueprints/Interactables/BP_Golden_Teapot.uasset" 614
"D:/Documents/Project Repos/Portfolio/Content/Environment/Props/Small_Props/Materials/MI_Red_Stone.uasset" 615
"D:/Documents/Project Repos/Portfolio/Content/Environment/Props/Small_Props/SM_Table.uasset" 616
"D:/Documents/Project Repos/Portfolio/Content/Gameplay/Blueprints/BP_Party_Table.uasset" 617
"D:/Documents/Project Repos/Portfolio/Content/Environment/Props/Small_Props/SM_Practise_Target.uasset" 618
"D:/Documents/Project Repos/Portfolio/Content/UI/Textures/Target_Practise_512.uasset" 619
"D:/Documents/Project Repos/Portfolio/Content/Gameplay/Blueprints/BP_Target_Practise.uasset" 620
"D:/Documents/Project Repos/Portfolio/Content/UI/Textures/Other_Dye_512.uasset" 621
"D:/Documents/Project Repos/Portfolio/Content/Gameplay/Blueprints/Interactables/BP_Dye.uasset" 622
"D:/Documents/Project Repos/Portfolio/Content/Environment/Props/Small_Props/Materials/MI_Sweet.uasset" 623
"D:/Documents/Project Repos/Portfolio/Content/Environment/Props/Small_Props/SM_Sweet.uasset" 624
"D:/Documents/Project Repos/Portfolio/Content/UI/Textures/Sweet_512.uasset" 625
"D:/Documents/Project Repos/Portfolio/Content/Gameplay/Blueprints/Interactables/BP_Sweet.uasset" 626
"D:/Documents/Project Repos/Portfolio/Content/Environment/Props/Small_Props/SM_Torch_Helmet.uasset" 627
"D:/Documents/Project Repos/Portfolio/Content/UI/Textures/Helmet_512.uasset" 628
"D:/Documents/Project Repos/Portfolio/Content/Gameplay/Blueprints/Interactables/BP_Torch_Helmet.uasset" 629
"D:/Documents/Project Repos/Portfolio/Content/UI/Textures/Dye_512.uasset" 630
"D:/Documents/Project Repos/Portfolio/Content/Gameplay/Blueprints/Interactables/BP_Yellow_Dye.uasset" 631
"D:/Documents/Project Repos/Portfolio/Content/Quest/Island_Quest_List.uasset" 632
"D:/Documents/Project Repos/Portfolio/Content/Quest/Post_Game_Dialogue.uasset" 633
"D:/Documents/Project Repos/Portfolio/Content/Quest/BP_Island_Questline.uasset" 634
"D:/Documents/Project Repos/Portfolio/Content/Quest/Dialogue/Bob/Bob_Quest_02_Dialogue.uasset" 635
"D:/Documents/Project Repos/Portfolio/Content/Quest/Dialogue/Bob/Bob_Quest_02_Outcomes.uasset" 636
"D:/Documents/Project Repos/Portfolio/Content/Quest/Dialogue/Inventor/Inventor_Quest_04_Dialogue.uasset" 637
"D:/Documents/Project Repos/Portfolio/Content/Quest/Dialogue/Inventor/Inventor_Quest_04_Outcomes.uasset" 638
"D:/Documents/Project Repos/Portfolio/Content/Quest/Dialogue/Inventor/Inventor_Quest_06_Dialogue.uasset" 639
"D:/Documents/Project Repos/Portfolio/Content/Quest/Dialogue/Inventor/Inventor_Quest_06_Outcomes.uasset" 640
"D:/Documents/Project Repos/Portfolio/Content/Quest/Dialogue/Inventor_Assistant/Inventor_Assistant_Quest_02_Dialogue.uasset" 641
"D:/Documents/Project Repos/Portfolio/Content/Quest/Dialogue/Inventor_Assistant/Inventor_Assistant_Quest_02_Outcomes.uasset" 642
"D:/Documents/Project Repos/Portfolio/Content/Quest/Dialogue/Jimmy/Jimmy_Quest_05_Dialogue.uasset" 643
"D:/Documents/Project Repos/Portfolio/Content/Quest/Dialogue/Jimmy/Jimmy_Quest_05_Outcomes.uasset" 644
"D:/Documents/Project Repos/Portfolio/Content/Quest/Dialogue/Landlord/Landlord_Quest_01_Dialogue.uasset" 645
"D:/Documents/Project Repos/Portfolio/Content/Quest/Dialogue/Landlord/Landlord_Quest_01_Outcomes.uasset" 646
"D:/Documents/Project Repos/Portfolio/Content/Quest/Dialogue/Teamaster/Teamaster_Quest_03_Dialogue.uasset" 647
"D:/Documents/Project Repos/Portfolio/Content/Quest/Dialogue/Teamaster/Teamaster_Quest_03_Outcomes.uasset" 648
"D:/Documents/Project Repos/Portfolio/Content/Environment/Foliage/Landscape/Layer_Info/Dirt_LayerInfo.uasset" 649
"D:/Documents/Project Repos/Portfolio/Content/Environment/Foliage/Landscape/Layer_Info/Grass_2_LayerInfo.uasset" 650
"D:/Documents/Project Repos/Portfolio/Content/Environment/Foliage/Landscape/Layer_Info/Grass_LayerInfo.uasset" 651
"D:/Documents/Project Repos/Portfolio/Content/Environment/Foliage/Landscape/Layer_Info/Sand_LayerInfo.uasset" 652
"D:/Documents/Project Repos/Portfolio/Content/Environment/Foliage/Landscape/Layer_Info/Stone_LayerInfo.uasset" 653
"D:/Documents/Project Repos/Portfolio/Content/Environment/Landscape/T_Ground_Grass_D.uasset" 654
"D:/Documents/Project Repos/Portfolio/Content/Environment/Landscape/T_Ground_Gravel_N.uasset" 655
"D:/Documents/Project Repos/Portfolio/Content/Environment/Landscape/T_Metal_Gold_D.uasset" 656
"D:/Documents/Project Repos/Portfolio/Content/Environment/Landscape/T_Metal_Gold_N.uasset" 657
"D:/Documents/Project Repos/Portfolio/Content/Environment/Landscape/T_Rock_Sandstone_N.uasset" 658
"D:/Documents/Project Repos/Portfolio/Content/Environment/Foliage/Landscape/M_Landscape.uasset" 659
"D:/Documents/Project Repos/Portfolio/Content/Environment/Landscape/Materials/M_Rock.uasset" 660
"D:/Documents/Project Repos/Portfolio/Content/Environment/Landscape/Materials/MI_Rock.uasset" 661
"D:/Documents/Project Repos/Portfolio/Content/Environment/Props/Large_Props/Materials/MI_Bridge_Railing_03.uasset" 662
"D:/Documents/Project Repos/Portfolio/Content/Environment/Props/Large_Props/Materials/MI_Bridge_Railing_04.uasset" 663
"D:/Documents/Project Repos/Portfolio/Content/Environment/Props/Small_Props/Materials/MI_Headphones_White.uasset" 664
"D:/Documents/Project Repos/Portfolio/Content/Mixamo/Characters/Paladin/Materials/MI_Paladin_01.uasset" 665
"D:/Documents/Project Repos/Portfolio/Content/Mixamo/Characters/Paladin/Materials/MI_Paladin_02.uasset" 666
"../../../Engine/Content/EngineMaterials/DefaultPhysicalMaterial.uasset" 667
"D:/Documents/Project Repos/Portfolio/Content/Effects/Colour_Grade.uasset" 668
"D:/Documents/Project Repos/Portfolio/Content/Environment/Foliage/Flowers/Daisy/Textures/T_Stem_Daisy.uasset" 669
"D:/Documents/Project Repos/Portfolio/Content/Environment/Foliage/Flowers/Daisy/Materials/MI_Stem_Daisy.uasset" 670
"D:/Documents/Project Repos/Portfolio/Content/Environment/Foliage/Flowers/Daisy/Static_Meshes/SM_Daisy.uasset" 671
"D:/Documents/Project Repos/Portfolio/Content/Environment/Foliage/Grass/Materials/M_Grass_Green_LOD_1.uasset" 672
"D:/Documents/Project Repos/Portfolio/Content/Environment/Foliage/Grass/Static_Meshes/SM_Grass_Clump.uasset" 673
"D:/Documents/Project Repos/Portfolio/Content/Environment/Foliage/Trees/Materials/M_Bark.uasset" 674
"D:/Documents/Project Repos/Portfolio/Content/Environment/Foliage/Trees/Textures/T_Leaf_M.uasset" 675
"D:/Documents/Project Repos/Portfolio/Content/Environment/Foliage/Trees/Materials/M_Bush_LOD_0.uasset" 676
"D:/Documents/Project Repos/Portfolio/Content/Environment/Foliage/Trees/Materials/M_Bush_LOD_1.uasset" 677
"D:/Documents/Project Repos/Portfolio/Content/Environment/Foliage/Trees/Static_Meshes/SM_Tree_Green_01.uasset" 678
"D:/Documents/Project Repos/Portfolio/Content/Environment/Foliage/Trees/Static_Meshes/SM_Tree_Green_02.uasset" 679
"D:/Documents/Project Repos/Portfolio/Content/Environment/Foliage/Trees/Static_Meshes/SM_Tree_Green_03.uasset" 680
"D:/Documents/Project Repos/Portfolio/Content/Environment/Foliage/Trees/Materials/MI_Bush.uasset" 681
"D:/Documents/Project Repos/Portfolio/Content/Environment/Foliage/Trees/Materials/MI_Bush_LOD_1.uasset" 682
"D:/Documents/Project Repos/Portfolio/Content/Environment/Foliage/Trees/Static_Meshes/SM_Tree_Pink_01.uasset" 683
"D:/Documents/Project Repos/Portfolio/Content/Environment/Foliage/Trees/Static_Meshes/SM_Tree_Pink_02.uasset" 684
"D:/Documents/Project Repos/Portfolio/Content/Environment/Foliage/Trees/Static_Meshes/SM_Tree_Pink_03.uasset" 685
"D:/Documents/Project Repos/Portfolio/Content/Environment/Landscape/Static_Meshes/SM_Cave.uasset" 686
"D:/Documents/Project Repos/Portfolio/Content/Environment/Landscape/Static_Meshes/SM_Rock.uasset" 687
"D:/Documents/Project Repos/Portfolio/Content/Environment/Props/Large_Props/Materials/MI_Bridge_Railing_01.uasset" 688
"D:/Documents/Project Repos/Portfolio/Content/Environment/Props/Large_Props/SM_Bridge.uasset" 689
"D:/Documents/Project Repos/Portfolio/Content/Environment/Props/Small_Props/SM_Chair.uasset" 690
"D:/Documents/Project Repos/Portfolio/Content/Environment/Water/M_Water.uasset" 691
"D:/Documents/Project Repos/Portfolio/Content/Environment/Water/SM_Water_Plane.uasset" 692
"D:/Documents/Project Repos/Portfolio/Content/Particles/Particles/PS_Flies_02.uasset" 693
"D:/Documents/Project Repos/Portfolio/Content/Maps/Map_Island.umap" 694
"D:/Documents/Project Repos/Portfolio/Content/StarterContent/Blueprints/Assets/FogBrightnessLUT.uasset" 695
"D:/Documents/Project Repos/Portfolio/Content/StarterContent/Blueprints/Assets/SunlightColorLUT.uasset" 696
"D:/Documents/Project Repos/Portfolio/Content/StarterContent/Blueprints/Assets/M_LightStage_Arrows.uasset" 697
"../../../Engine/Content/MapTemplates/Sky/DaylightAmbientCubemap.uasset" 698
"D:/Documents/Project Repos/Portfolio/Content/StarterContent/Blueprints/Assets/M_LightStage_Skybox_Master.uasset" 699
"D:/Documents/Project Repos/Portfolio/Content/StarterContent/Blueprints/Assets/M_LightStage_Skybox_Black.uasset" 700
"D:/Documents/Project Repos/Portfolio/Content/StarterContent/Blueprints/Assets/M_LightStage_Skybox_HDRI.uasset" 701
"../../../Engine/Content/EditorMaterials/Thumbnails/SkySphereMaterial.uasset" 702
"D:/Documents/Project Repos/Portfolio/Content/StarterContent/Blueprints/Assets/Skybox.uasset" 703
"D:/Documents/Project Repos/Portfolio/Content/StarterContent/Blueprints/Assets/SM_Arrows.uasset" 704
"D:/Documents/Project Repos/Portfolio/Content/StarterContent/HDRI/HDRI_Epic_Courtyard_Daylight.uasset" 705
"D:/Documents/Project Repos/Portfolio/Content/StarterContent/Blueprints/BP_LightStudio.uasset" 706
"D:/Documents/Project Repos/Portfolio/Content/StarterContent/Maps/Advanced_Lighting_BuiltData.uasset" 707
"D:/Documents/Project Repos/Portfolio/Content/StarterContent/Materials/M_AssetPlatform.uasset" 708
"../../../Engine/Content/EditorMeshes/ColorCalibrator/M_ChromeBall.uasset" 709
"../../../Engine/Content/EditorMeshes/ColorCalibrator/M_ClearCoat.uasset" 710
"../../../Engine/Content/EditorMeshes/ColorCalibrator/M_ClearCoatBlack.uasset" 711
"../../../Engine/Content/EditorMeshes/ColorCalibrator/Color_checker.uasset" 712
"../../../Engine/Content/EditorMeshes/ColorCalibrator/M_ColorGrid.uasset" 713
"../../../Engine/Content/EditorMeshes/ColorCalibrator/M_GreyBall.uasset" 714
"../../../Engine/Content/EditorMeshes/ColorCalibrator/SM_ColorCalibrator.uasset" 715
"D:/Documents/Project Repos/Portfolio/Content/StarterContent/Architecture/SM_AssetPlatform.uasset" 716
"D:/Documents/Project Repos/Portfolio/Content/StarterContent/Maps/Advanced_Lighting.umap" 717
"D:/Documents/Project Repos/Portfolio/Content/StarterContent/Maps/Minimal_Default_BuiltData.uasset" 718
"D:/Documents/Project Repos/Portfolio/Content/StarterContent/Textures/T_MacroVariation.uasset" 719
"D:/Documents/Project Repos/Portfolio/Content/StarterContent/Materials/M_Metal_Brushed_Nickel.uasset" 720
"D:/Documents/Project Repos/Portfolio/Content/StarterContent/Textures/T_Metal_Aluminum_D.uasset" 721
"D:/Documents/Project Repos/Portfolio/Content/StarterContent/Textures/T_Metal_Gold_N.uasset" 722
"D:/Documents/Project Repos/Portfolio/Content/StarterContent/Materials/M_Metal_Burnished_Steel.uasset" 723
"D:/Documents/Project Repos/Portfolio/Content/StarterContent/Textures/T_Metal_Copper_D.uasset" 724
"D:/Documents/Project Repos/Portfolio/Content/StarterContent/Materials/M_Metal_Copper.uasset" 725
"D:/Documents/Project Repos/Portfolio/Content/StarterContent/Textures/T_Statue_M.uasset" 726
"D:/Documents/Project Repos/Portfolio/Content/StarterContent/Textures/T_Statue_N.uasset" 727
"D:/Documents/Project Repos/Portfolio/Content/StarterContent/Props/Materials/M_StatueGlass.uasset" 728
"D:/Documents/Project Repos/Portfolio/Content/StarterContent/Architecture/Floor_400x400.uasset" 729
"D:/Documents/Project Repos/Portfolio/Content/StarterContent/Audio/Starter_Background_Cue.uasset" 730
"D:/Documents/Project Repos/Portfolio/Content/StarterContent/Props/SM_Chair.uasset" 731
"D:/Documents/Project Repos/Portfolio/Content/StarterContent/Props/Materials/M_Statue.uasset" 732
"D:/Documents/Project Repos/Portfolio/Content/StarterContent/Props/SM_Statue.uasset" 733
"D:/Documents/Project Repos/Portfolio/Content/StarterContent/Textures/T_TableRound_M.uasset" 734
"D:/Documents/Project Repos/Portfolio/Content/StarterContent/Textures/T_TableRound_N.uasset" 735
"D:/Documents/Project Repos/Portfolio/Content/StarterContent/Props/Materials/M_TableRound.uasset" 736
"D:/Documents/Project Repos/Portfolio/Content/StarterContent/Props/SM_TableRound.uasset" 737
"D:/Documents/Project Repos/Portfolio/Content/StarterContent/Maps/Minimal_Default.umap" 738
"D:/Documents/Project Repos/Portfolio/Content/StarterContent/Audio/Fire01_Cue.uasset" 739
"D:/Documents/Project Repos/Portfolio/Content/StarterContent/Textures/T_Fire_SubUV.uasset" 740
"D:/Documents/Project Repos/Portfolio/Content/StarterContent/Textures/T_Fire_Tiled_D.uasset" 741
"D:/Documents/Project Repos/Portfolio/Content/StarterContent/Particles/Materials/M_Fire_SubUV.uasset" 742
"D:/Documents/Project Repos/Portfolio/Content/StarterContent/Textures/T_Water_N.uasset" 743
"D:/Documents/Project Repos/Portfolio/Content/StarterContent/Particles/Materials/M_Heat_Distortion.uasset" 744
"D:/Documents/Project Repos/Portfolio/Content/StarterContent/Particles/Materials/M_Radial_Gradient.uasset" 745
"D:/Documents/Project Repos/Portfolio/Content/StarterContent/Particles/P_Fire.uasset" 746
"D:/Documents/Project Repos/Portfolio/Content/StarterContent/Blueprints/Blueprint_Effect_Fire.uasset" 747
"D:/Documents/Project Repos/Portfolio/Content/StarterContent/Audio/Smoke01_Cue.uasset" 748
"D:/Documents/Project Repos/Portfolio/Content/StarterContent/Particles/P_Smoke.uasset" 749
"D:/Documents/Project Repos/Portfolio/Content/StarterContent/Blueprints/Blueprint_Effect_Smoke.uasset" 750
"D:/Documents/Project Repos/Portfolio/Content/StarterContent/Audio/Fire_Sparks01_Cue.uasset" 751
"D:/Documents/Project Repos/Portfolio/Content/StarterContent/Textures/T_Spark_Core.uasset" 752
"D:/Documents/Project Repos/Portfolio/Content/StarterContent/Particles/Materials/M_Spark.uasset" 753
"D:/Documents/Project Repos/Portfolio/Content/StarterContent/Particles/P_Sparks.uasset" 754
"D:/Documents/Project Repos/Portfolio/Content/StarterContent/Blueprints/Blueprint_Effect_Sparks.uasset" 755
"D:/Documents/Project Repos/Portfolio/Content/StarterContent/Audio/Steam01_Cue.uasset" 756
"D:/Documents/Project Repos/Portfolio/Content/StarterContent/Particles/P_Steam_Lit.uasset" 757
"D:/Documents/Project Repos/Portfolio/Content/StarterContent/Blueprints/Blueprint_Effect_Steam.uasset" 758
"D:/Documents/Project Repos/Portfolio/Content/StarterContent/Textures/T_Lamp_M.uasset" 759
"D:/Documents/Project Repos/Portfolio/Content/StarterContent/Textures/T_Lamp_N.uasset" 760
"D:/Documents/Project Repos/Portfolio/Content/StarterContent/Props/Materials/M_Lamp.uasset" 761
"D:/Documents/Project Repos/Portfolio/Content/StarterContent/Props/SM_Lamp_Ceiling.uasset" 762
"D:/Documents/Project Repos/Portfolio/Content/StarterContent/Blueprints/Blueprint_CeilingLight.uasset" 763
"D:/Documents/Project Repos/Portfolio/Content/StarterContent/Props/SM_Lamp_Wall.uasset" 764
"D:/Documents/Project Repos/Portfolio/Content/StarterContent/Blueprints/Blueprint_WallSconce.uasset" 765
"D:/Documents/Project Repos/Portfolio/Content/StarterContent/Maps/StarterMap_BuiltData.uasset" 766
"../../../Engine/Content/Functions/Engine_MaterialFunctions03/Procedurals/ComputeFilterWidth.uasset" 767
"../../../Engine/Content/EngineMaterials/AntiAliasedTextMaterialTranslucent.uasset" 768
"D:/Documents/Project Repos/Portfolio/Content/StarterContent/Textures/T_Brick_Clay_Beveled_D.uasset" 769
"D:/Documents/Project Repos/Portfolio/Content/StarterContent/Textures/T_Brick_Clay_Beveled_M.uasset" 770
"D:/Documents/Project Repos/Portfolio/Content/StarterContent/Textures/T_Brick_Clay_Beveled_N.uasset" 771
"D:/Documents/Project Repos/Portfolio/Content/StarterContent/Materials/M_Brick_Clay_Beveled.uasset" 772
"D:/Documents/Project Repos/Portfolio/Content/StarterContent/Textures/T_Brick_Clay_New_D.uasset" 773
"D:/Documents/Project Repos/Portfolio/Content/StarterContent/Textures/T_Brick_Clay_New_M.uasset" 774
"D:/Documents/Project Repos/Portfolio/Content/StarterContent/Textures/T_Brick_Clay_New_N.uasset" 775
"D:/Documents/Project Repos/Portfolio/Content/StarterContent/Materials/M_Brick_Clay_New.uasset" 776
"D:/Documents/Project Repos/Portfolio/Content/StarterContent/Textures/T_Brick_Clay_Old_D.uasset" 777
"D:/Documents/Project Repos/Portfolio/Content/StarterContent/Textures/T_Brick_Clay_Old_N.uasset" 778
"D:/Documents/Project Repos/Portfolio/Content/StarterContent/Textures/T_Perlin_Noise_M.uasset" 779
"D:/Documents/Project Repos/Portfolio/Content/StarterContent/Materials/M_Brick_Clay_Old.uasset" 780
"D:/Documents/Project Repos/Portfolio/Content/StarterContent/Textures/T_Brick_Cut_Stone_D.uasset" 781
"D:/Documents/Project Repos/Portfolio/Content/StarterContent/Textures/T_Brick_Cut_Stone_N.uasset" 782
"D:/Documents/Project Repos/Portfolio/Content/StarterContent/Materials/M_Brick_Cut_Stone.uasset" 783
"D:/Documents/Project Repos/Portfolio/Content/StarterContent/Textures/T_Brick_Hewn_Stone_D.uasset" 784
"D:/Documents/Project Repos/Portfolio/Content/StarterContent/Textures/T_Brick_Hewn_Stone_M.uasset" 785
"D:/Documents/Project Repos/Portfolio/Content/StarterContent/Textures/T_Brick_Hewn_Stone_N.uasset" 786
"D:/Documents/Project Repos/Portfolio/Content/StarterContent/Materials/M_Brick_Hewn_Stone.uasset" 787
"D:/Documents/Project Repos/Portfolio/Content/StarterContent/Textures/T_Ceramic_Tile_M.uasset" 788
"D:/Documents/Project Repos/Portfolio/Content/StarterContent/Textures/T_Ceramic_Tile_N.uasset" 789
"D:/Documents/Project Repos/Portfolio/Content/StarterContent/Textures/T_Rock_Marble_Polished_D.uasset" 790
"D:/Documents/Project Repos/Portfolio/Content/StarterContent/Materials/M_Ceramic_Tile_Checker.uasset" 791
"D:/Documents/Project Repos/Portfolio/Content/StarterContent/Textures/T_CobbleStone_Pebble_D.uasset" 792
"D:/Documents/Project Repos/Portfolio/Content/StarterContent/Textures/T_CobbleStone_Pebble_M.uasset" 793
"D:/Documents/Project Repos/Portfolio/Content/StarterContent/Textures/T_CobbleStone_Pebble_N.uasset" 794
"D:/Documents/Project Repos/Portfolio/Content/StarterContent/Materials/M_CobbleStone_Pebble.uasset" 795
"D:/Documents/Project Repos/Portfolio/Content/StarterContent/Textures/T_CobbleStone_Rough_D.uasset" 796
"D:/Documents/Project Repos/Portfolio/Content/StarterContent/Textures/T_CobbleStone_Rough_N.uasset" 797
"D:/Documents/Project Repos/Portfolio/Content/StarterContent/Textures/T_Gradinet_01.uasset" 798
"D:/Documents/Project Repos/Portfolio/Content/StarterContent/Textures/T_Rock_Smooth_Granite_D.uasset" 799
"D:/Documents/Project Repos/Portfolio/Content/StarterContent/Materials/M_CobbleStone_Rough.uasset" 800
"D:/Documents/Project Repos/Portfolio/Content/StarterContent/Textures/T_CobbleStone_Smooth_D.uasset" 801
"D:/Documents/Project Repos/Portfolio/Content/StarterContent/Textures/T_CobbleStone_Smooth_M.uasset" 802
"D:/Documents/Project Repos/Portfolio/Content/StarterContent/Textures/T_CobbleStone_Smooth_N.uasset" 803
"D:/Documents/Project Repos/Portfolio/Content/StarterContent/Materials/M_CobbleStone_Smooth.uasset" 804
"D:/Documents/Project Repos/Portfolio/Content/StarterContent/Textures/T_Concrete_Grime_D.uasset" 805
"D:/Documents/Project Repos/Portfolio/Content/StarterContent/Textures/T_Metal_Rust_N.uasset" 806
"D:/Documents/Project Repos/Portfolio/Content/StarterContent/Materials/M_Concrete_Grime.uasset" 807
"D:/Documents/Project Repos/Portfolio/Content/StarterContent/Textures/T_Concrete_Panels_D.uasset" 808
"D:/Documents/Project Repos/Portfolio/Content/StarterContent/Textures/T_Concrete_Panels_N.uasset" 809
"D:/Documents/Project Repos/Portfolio/Content/StarterContent/Materials/M_Concrete_Panels.uasset" 810
"D:/Documents/Project Repos/Portfolio/Content/StarterContent/Textures/T_Concrete_Poured_D.uasset" 811
"D:/Documents/Project Repos/Portfolio/Content/StarterContent/Textures/T_Concrete_Poured_N.uasset" 812
"D:/Documents/Project Repos/Portfolio/Content/StarterContent/Materials/M_Concrete_Poured.uasset" 813
"D:/Documents/Project Repos/Portfolio/Content/StarterContent/Textures/T_Concrete_Tiles_D.uasset" 814
"D:/Documents/Project Repos/Portfolio/Content/StarterContent/Textures/T_Concrete_Tiles_M.uasset" 815
"D:/Documents/Project Repos/Portfolio/Content/StarterContent/Textures/T_Concrete_Tiles_N.uasset" 816
"D:/Documents/Project Repos/Portfolio/Content/StarterContent/Textures/T_Concrete_Tiles_Variation_M.uasset" 817
"D:/Documents/Project Repos/Portfolio/Content/StarterContent/Materials/M_Concrete_Tiles.uasset" 818
"D:/Documents/Project Repos/Portfolio/Content/StarterContent/Textures/T_Ground_Grass_D.uasset" 819
"D:/Documents/Project Repos/Portfolio/Content/StarterContent/Textures/T_Ground_Grass_N.uasset" 820
"D:/Documents/Project Repos/Portfolio/Content/StarterContent/Materials/M_Ground_Grass.uasset" 821
"D:/Documents/Project Repos/Portfolio/Content/StarterContent/Textures/T_Ground_Gravel_D.uasset" 822
"D:/Documents/Project Repos/Portfolio/Content/StarterContent/Textures/T_Ground_Gravel_N.uasset" 823
"D:/Documents/Project Repos/Portfolio/Content/StarterContent/Materials/M_Ground_Gravel.uasset" 824
"D:/Documents/Project Repos/Portfolio/Content/StarterContent/Textures/T_ground_Moss_D.uasset" 825
"D:/Documents/Project Repos/Portfolio/Content/StarterContent/Textures/T_Ground_Moss_N.uasset" 826
"D:/Documents/Project Repos/Portfolio/Content/StarterContent/Materials/M_Ground_Moss.uasset" 827
"D:/Documents/Project Repos/Portfolio/Content/StarterContent/Materials/M_Metal_Chrome.uasset" 828
"D:/Documents/Project Repos/Portfolio/Content/StarterContent/Textures/T_Metal_Gold_D.uasset" 829
"D:/Documents/Project Repos/Portfolio/Content/StarterContent/Materials/M_Metal_Gold.uasset" 830
"D:/Documents/Project Repos/Portfolio/Content/StarterContent/Textures/T_Metal_Rust_D.uasset" 831
"D:/Documents/Project Repos/Portfolio/Content/StarterContent/Materials/M_Metal_Rust.uasset" 832
"D:/Documents/Project Repos/Portfolio/Content/StarterContent/Textures/T_Metal_Steel_D.uasset" 833
"D:/Documents/Project Repos/Portfolio/Content/StarterContent/Textures/T_Metal_Steel_N.uasset" 834
"D:/Documents/Project Repos/Portfolio/Content/StarterContent/Materials/M_Metal_Steel.uasset" 835
"D:/Documents/Project Repos/Portfolio/Content/StarterContent/Textures/T_Rock_Basalt_N.uasset" 836
"D:/Documents/Project Repos/Portfolio/Content/StarterContent/Materials/M_Rock_Basalt.uasset" 837
"D:/Documents/Project Repos/Portfolio/Content/StarterContent/Materials/M_Rock_Marble_Polished.uasset" 838
"D:/Documents/Project Repos/Portfolio/Content/StarterContent/Textures/T_Rock_Sandstone_D.uasset" 839
"D:/Documents/Project Repos/Portfolio/Content/StarterContent/Textures/T_Rock_Sandstone_N.uasset" 840
"D:/Documents/Project Repos/Portfolio/Content/StarterContent/Materials/M_Rock_Sandstone.uasset" 841
"D:/Documents/Project Repos/Portfolio/Content/StarterContent/Textures/T_Rock_Slate_D.uasset" 842
"D:/Documents/Project Repos/Portfolio/Content/StarterContent/Textures/T_Rock_Slate_N.uasset" 843
"D:/Documents/Project Repos/Portfolio/Content/StarterContent/Materials/M_Rock_Slate.uasset" 844
"D:/Documents/Project Repos/Portfolio/Content/StarterContent/Textures/T_Checker_Noise_M.uasset" 845
"D:/Documents/Project Repos/Portfolio/Content/StarterContent/Textures/T_Single_Tile_N.uasset" 846
"D:/Documents/Project Repos/Portfolio/Content/StarterContent/Textures/T_Tech_Dot_M.uasset" 847
"D:/Documents/Project Repos/Portfolio/Content/StarterContent/Textures/T_Tech_Dot_N.uasset" 848
"D:/Documents/Project Repos/Portfolio/Content/StarterContent/Materials/M_Tech_Checker_Dot.uasset" 849
"D:/Documents/Project Repos/Portfolio/Content/StarterContent/Textures/T_Tech_Hex_Tile_M.uasset" 850
"D:/Documents/Project Repos/Portfolio/Content/StarterContent/Textures/T_Tech_Hex_Tile_N.uasset" 851
"D:/Documents/Project Repos/Portfolio/Content/StarterContent/Materials/M_Tech_Hex_Tile.uasset" 852
"D:/Documents/Project Repos/Portfolio/Content/StarterContent/Materials/M_Tech_Hex_Tile_Pulse.uasset" 853
"D:/Documents/Project Repos/Portfolio/Content/StarterContent/Textures/T_Tech_Panel_M.uasset" 854
"D:/Documents/Project Repos/Portfolio/Content/StarterContent/Textures/T_Tech_Panel_N.uasset" 855
"D:/Documents/Project Repos/Portfolio/Content/StarterContent/Materials/M_Tech_Panel.uasset" 856
"D:/Documents/Project Repos/Portfolio/Content/StarterContent/Materials/M_Water_Lake.uasset" 857
"D:/Documents/Project Repos/Portfolio/Content/StarterContent/Textures/T_Water_M.uasset" 858
"D:/Documents/Project Repos/Portfolio/Content/StarterContent/Materials/M_Water_Ocean.uasset" 859
"D:/Documents/Project Repos/Portfolio/Content/StarterContent/Textures/T_Wood_Floor_Walnut_D.uasset" 860
"D:/Documents/Project Repos/Portfolio/Content/StarterContent/Textures/T_Wood_Floor_Walnut_M.uasset" 861
"D:/Documents/Project Repos/Portfolio/Content/StarterContent/Textures/T_Wood_Floor_Walnut_N.uasset" 862
"D:/Documents/Project Repos/Portfolio/Content/StarterContent/Materials/M_Wood_Floor_Walnut_Polished.uasset" 863
"../../../Engine/Content/Functions/Engine_MaterialFunctions01/Opacity/AlphaOffset.uasset" 864
"D:/Documents/Project Repos/Portfolio/Content/StarterContent/Materials/M_Wood_Floor_Walnut_Worn.uasset" 865
"D:/Documents/Project Repos/Portfolio/Content/StarterContent/Textures/T_Wood_Oak_D.uasset" 866
"D:/Documents/Project Repos/Portfolio/Content/StarterContent/Textures/T_Wood_Oak_N.uasset" 867
"D:/Documents/Project Repos/Portfolio/Content/StarterContent/Materials/M_Wood_Oak.uasset" 868
"D:/Documents/Project Repos/Portfolio/Content/StarterContent/Textures/T_Wood_Pine_D.uasset" 869
"D:/Documents/Project Repos/Portfolio/Content/StarterContent/Textures/T_Wood_Pine_N.uasset" 870
"D:/Documents/Project Repos/Portfolio/Content/StarterContent/Materials/M_Wood_Pine.uasset" 871
"D:/Documents/Project Repos/Portfolio/Content/StarterContent/Textures/T_Wood_Walnut_D.uasset" 872
"D:/Documents/Project Repos/Portfolio/Content/StarterContent/Textures/T_Wood_Walnut_N.uasset" 873
"D:/Documents/Project Repos/Portfolio/Content/StarterContent/Materials/M_Wood_Walnut.uasset" 874
"D:/Documents/Project Repos/Portfolio/Content/StarterContent/Architecture/Wall_400x200.uasset" 875
"D:/Documents/Project Repos/Portfolio/Content/StarterContent/Architecture/Wall_Door_400x300.uasset" 876
"D:/Documents/Project Repos/Portfolio/Content/StarterContent/Architecture/Wall_Window_400x300.uasset" 877
"D:/Documents/Project Repos/Portfolio/Content/StarterContent/Audio/Collapse_Cue.uasset" 878
"D:/Documents/Project Repos/Portfolio/Content/StarterContent/Audio/Starter_Music_Cue.uasset" 879
"D:/Documents/Project Repos/Portfolio/Content/StarterContent/Textures/T_Dust_Particle_D.uasset" 880
"D:/Documents/Project Repos/Portfolio/Content/StarterContent/Particles/Materials/M_Dust_Particle.uasset" 881
"D:/Documents/Project Repos/Portfolio/Content/StarterContent/Particles/P_Ambient_Dust.uasset" 882
"D:/Documents/Project Repos/Portfolio/Content/StarterContent/Props/MaterialSphere.uasset" 883
"D:/Documents/Project Repos/Portfolio/Content/StarterContent/Textures/T_Frame_M.uasset" 884
"D:/Documents/Project Repos/Portfolio/Content/StarterContent/Textures/T_Frame_N.uasset" 885
"D:/Documents/Project Repos/Portfolio/Content/StarterContent/Props/Materials/M_Frame.uasset" 886
"D:/Documents/Project Repos/Portfolio/Content/StarterContent/Props/SM_CornerFrame.uasset" 887
"D:/Documents/Project Repos/Portfolio/Content/StarterContent/Props/SM_DoorFrame.uasset" 888
"D:/Documents/Project Repos/Portfolio/Content/StarterContent/Props/SM_GlassWindow.uasset" 889
"D:/Documents/Project Repos/Portfolio/Content/StarterContent/Props/SM_PillarFrame.uasset" 890
"D:/Documents/Project Repos/Portfolio/Content/StarterContent/Props/SM_PillarFrame300.uasset" 891
"D:/Documents/Project Repos/Portfolio/Content/StarterContent/Props/SM_WindowFrame.uasset" 892
"D:/Documents/Project Repos/Portfolio/Content/StarterContent/Shapes/Shape_Cube.uasset" 893
"D:/Documents/Project Repos/Portfolio/Content/StarterContent/Shapes/Shape_QuadPyramid.uasset" 894
"D:/Documents/Project Repos/Portfolio/Content/StarterContent/Shapes/Shape_Sphere.uasset" 895
"D:/Documents/Project Repos/Portfolio/Content/StarterContent/Maps/StarterMap.umap" 896
"../../../Engine/Content/Maps/Entry.umap" 897
